[2026-03-20T18:39:19.992Z] GET https://fonts.gstatic.com/s/inter/v20/UcC73FwrK3iLTeHuS_nVMrMxCp50SjIa1ZL7W0Q5nw.woff2 → 200 (11ms, 48432B)
[2026-03-20T18:39:19.992Z] GET https://cdn.prod.website-files.com/648009cb318551f1806b36b4/697970fa41b7d80e4cfc5234_STKBureauSans-Regular.woff2 → 200 (11ms, 42416B)
[2026-03-20T18:39:19.992Z] GET https://cdn.prod.website-files.com/648009cb318551f1806b36b4/6979730d8cc1168ffdef18c9_STKBureauSerif-Regular.woff2 → 200 (11ms, 45940B)
[2026-03-20T18:39:19.993Z] GET https://cdn.prod.website-files.com/648009cb318551f1806b36b4/6979730dd09812e725297f91_STKBureauSerif-Light.woff2 → 200 (10ms, 45072B)
[2026-03-20T18:39:19.993Z] GET https://cdn.prod.website-files.com/648009cb318551f1806b36b4/697970fa2ef569261a865599_STKBureauSans-Light.woff2 → 200 (10ms, 41736B)
[2026-03-20T18:39:19.993Z] GET https://cdn.prod.website-files.com/648009cb318551f1806b36b4/6979730d071eabb874d98881_STKBureauSerif-Medium.woff2 → 200 (11ms, 45940B)
[2026-03-20T18:39:19.993Z] GET https://fonts.gstatic.com/s/roboto/v51/KFO7CnqEu92Fr1ME7kSn66aGLdTylUAMa3yUBHMdazQ.woff2 → 200 (11ms, 37520B)
[2026-03-20T18:39:19.994Z] GET https://cdn.prod.website-files.com/648009cb318551f1806b36b4/697970fa4d3d8dbe4f323396_STKBureauSans-Bold.woff2 → 200 (10ms, 41640B)
[2026-03-20T18:39:19.994Z] GET https://simplywall.st/cdn-cgi/image/format=auto,quality=90/https://cdn.prod.website-files.com/648009cb318551f1806b36b4/6993cef98997d9db9e0a67ea_SWS-Brandmark-Future.svg → 200 (13ms, 3668B)
[2026-03-20T18:39:19.995Z] GET https://simplywall.st/cdn-cgi/image/format=auto,quality=90/https://cdn.prod.website-files.com/648009cb318551f1806b36b4/698d53a82486363809733209_93cfd156bcb7b18082c0b2b6a0098f28_Frame%20101406.png → 200 (69ms, ?B)
[2026-03-20T18:39:19.995Z] GET https://simplywall.st/cdn-cgi/image/format=auto,quality=90/https://cdn.prod.website-files.com/648009cb318551f1806b36b4/698d2a1546ecea4bed211d79_1df507d4e12d760e3b66158a6526e959_reviews.svg → 200 (12ms, 41997B)
[2026-03-20T18:39:19.995Z] GET https://simplywall.st/cdn-cgi/image/format=auto,quality=90/https://cdn.prod.website-files.com/648009cb318551f1806b36b4/698d5bc2517d1cee6344d9d2_eye%201.svg → 200 (12ms, 630B)
[2026-03-20T18:39:19.995Z] GET https://simplywall.st/cdn-cgi/image/format=auto,quality=90/https://cdn.prod.website-files.com/648009cb318551f1806b36b4/698d5bf5908ffb2b708540b2_search%203.svg → 200 (12ms, 534B)
[2026-03-20T18:39:19.995Z] GET https://simplywall.st/cdn-cgi/image/format=auto,quality=90/https://cdn.prod.website-files.com/648009cb318551f1806b36b4/6993f097c812dd6487952a0b_activity%202.svg → 200 (13ms, 298B)
[2026-03-20T18:39:19.995Z] GET https://simplywall.st/cdn-cgi/image/format=auto,quality=90/https://cdn.prod.website-files.com/648009cb318551f1806b36b4/698ed0a952dfea892d8efd31_Header_7.png → 200 (14ms, 21098B)
[2026-03-20T18:39:19.995Z] GET https://simplywall.st/cdn-cgi/image/format=auto,quality=90/https://cdn.prod.website-files.com/648009cb318551f1806b36b4/698d40678dfafe1a149cf9aa_Exclude.png → 200 (14ms, 3101B)
[2026-03-20T18:39:19.996Z] GET https://simplywall.st/cdn-cgi/image/format=auto,quality=90/https://cdn.prod.website-files.com/648009cb318551f1806b36b4/698d4087cfd3ec89439997f2_Group%201872.png → 200 (13ms, 4272B)
[2026-03-20T18:39:19.996Z] GET https://simplywall.st/cdn-cgi/image/format=auto,quality=90/https://cdn.prod.website-files.com/648009cb318551f1806b36b4/6993f103cd084c7bbda972c6_shield.png → 200 (13ms, 1938B)
[2026-03-20T18:39:19.996Z] GET https://simplywall.st/cdn-cgi/image/format=auto,quality=90/https://cdn.prod.website-files.com/648009cb318551f1806b36b4/6993ab9759a757ef12ec5d8d_e2e2d0a2d90efbadc7c127b3581b1388_check%20%281%29.svg → 200 (13ms, 385B)
[2026-03-20T18:39:19.996Z] GET https://simplywall.st/cdn-cgi/image/format=auto,quality=90/https://cdn.prod.website-files.com/648009cb318551f1806b36b4/6993ac62e6a70f61029521a6_a6449fe13946477eef2db2c25e15c7b4_Graphic%201.png → 200 (68ms, ?B)
[2026-03-20T18:39:19.996Z] GET https://simplywall.st/cdn-cgi/image/format=auto,quality=90/https://cdn.prod.website-files.com/648009cb318551f1806b36b4/6993acb88dbb4c9306338215_Graphic%202.png → 200 (69ms, ?B)
[2026-03-20T18:39:19.996Z] GET https://simplywall.st/cdn-cgi/image/format=auto,quality=90/https://cdn.prod.website-files.com/648009cb318551f1806b36b4/6993bb8464a7516961415a87_5d2fba14cd09d844bb26b1e0fe53e952_Dividend%202.png → 200 (14ms, 41020B)
[2026-03-20T18:39:19.996Z] GET https://simplywall.st/cdn-cgi/image/format=auto,quality=90/https://cdn.prod.website-files.com/648009cb318551f1806b36b4/6993ad6cd03b7c2eaf1bd8a9_Graphic%204.png → 200 (69ms, 195365B)
[2026-03-20T18:39:19.996Z] GET https://simplywall.st/cdn-cgi/image/format=auto,quality=90/https://cdn.prod.website-files.com/648009cb318551f1806b36b4/6487b1b44ebc33f108273875_sp-global-logo.png → 200 (14ms, 11635B)
[2026-03-20T18:39:19.996Z] GET https://simplywall.st/cdn-cgi/image/format=auto,quality=90/https://cdn.prod.website-files.com/648009cb318551f1806b36b4/698d1d9f84ac752d5ac915d2_61f257fbf5fae4c34e913a209f920a22_bar-chart%201.svg → 200 (14ms, 498B)
[2026-03-20T18:39:19.997Z] GET https://simplywall.st/cdn-cgi/image/format=auto,quality=90/https://cdn.prod.website-files.com/648009cb318551f1806b36b4/698d1cb2bd9b6934dca52358_trending-up%202.svg → 200 (13ms, 412B)
[2026-03-20T18:39:19.997Z] GET https://simplywall.st/cdn-cgi/image/format=auto,quality=90/https://cdn.prod.website-files.com/648009cb318551f1806b36b4/698d5d5bb7d53afde14cb6e7_dollar-sign%201.svg → 200 (14ms, 722B)
[2026-03-20T18:39:19.997Z] GET https://simplywall.st/cdn-cgi/image/format=auto,quality=90/https://cdn.prod.website-files.com/648009cb318551f1806b36b4/698d5ce80122fec64ba05a11_bar-chartforecast%20%202.svg → 200 (14ms, 529B)
[2026-03-20T18:39:19.997Z] GET https://simplywall.st/cdn-cgi/image/format=auto,quality=90/https://cdn.prod.website-files.com/648009cb318551f1806b36b4/698d5dd95a589fa605482191_activity%201.svg → 200 (14ms, 300B)
[2026-03-20T18:39:19.997Z] GET https://simplywall.st/cdn-cgi/image/format=auto,quality=90/https://cdn.prod.website-files.com/648009cb318551f1806b36b4/698d5d4a6bb478dd78d81ea7_Group%201171.svg → 200 (14ms, 1075B)
[2026-03-20T18:39:19.997Z] GET https://simplywall.st/cdn-cgi/image/format=auto,quality=90/https://cdn.prod.website-files.com/648009cb318551f1806b36b4/698d5ca68e05318dec892baf_users%202.svg → 200 (14ms, 1258B)
[2026-03-20T18:39:19.997Z] GET https://simplywall.st/cdn-cgi/image/format=auto,quality=90/https://cdn.prod.website-files.com/648009cb318551f1806b36b4/698d5d9ce679c7c62bb2511f_user%202.svg → 200 (15ms, 737B)
[2026-03-20T18:39:19.997Z] GET https://simplywall.st/cdn-cgi/image/format=auto,quality=90/https://cdn.prod.website-files.com/648009cb318551f1806b36b4/6482aefd0b269527af835367_visual-report-valuation-p-800.png → 200 (15ms, 16930B)
[2026-03-20T18:39:19.998Z] GET https://simplywall.st/cdn-cgi/image/format=auto,quality=90/https://cdn.prod.website-files.com/648009cb318551f1806b36b4/64830425ff51c9f5c9c521a0_visual-report-financial-health-p-800.png → 200 (14ms, 15786B)
[2026-03-20T18:39:20.002Z] GET https://simplywall.st/cdn-cgi/image/format=auto,quality=90/https://cdn.prod.website-files.com/648009cb318551f1806b36b4/6483042521f5a5bb1d749973_visual-report-insider-transactions-p-800.png → 200 (11ms, 33818B)
[2026-03-20T18:39:20.002Z] GET https://simplywall.st/cdn-cgi/image/format=auto,quality=90/https://cdn.prod.website-files.com/648009cb318551f1806b36b4/648304252ac188d5aa02eb4b_visual-report-management-p-800.png → 200 (11ms, 41185B)
[2026-03-20T18:39:20.002Z] GET https://simplywall.st/cdn-cgi/image/format=auto,quality=90/https://cdn.prod.website-files.com/648009cb318551f1806b36b4/64830425ff24efd89cb0dc9d_visual-report-dividend-p-800.png → 200 (11ms, 18697B)
[2026-03-20T18:39:20.002Z] GET https://simplywall.st/cdn-cgi/image/format=auto,quality=90/https://cdn.prod.website-files.com/648009cb318551f1806b36b4/648309a92ac188d5aa0977f7_visual-report-growth-forecast-p-800.png → 200 (11ms, 17584B)
[2026-03-20T18:39:20.002Z] GET https://simplywall.st/cdn-cgi/image/format=auto,quality=90/https://cdn.prod.website-files.com/648009cb318551f1806b36b4/64828b312ac188d5aa73c12b_visual-report-rewards-risks-p-800.png → 200 (11ms, 25756B)
[2026-03-20T18:39:20.003Z] GET https://simplywall.st/cdn-cgi/image/format=auto,quality=90/https://cdn.prod.website-files.com/648009cb318551f1806b36b4/698bc12ca504a2e357351117_image_273%201.png → 200 (11ms, 48132B)
[2026-03-20T18:39:20.007Z] GET https://simplywall.st/static/videos/simplywall-portfolio-feature.mp4 → 200 (58ms, ?B)
[2026-03-20T18:39:20.007Z] GET https://www.datadoghq-browser-agent.com/us1/v4/datadog-rum.js → 200 (616ms, ?B)
[2026-03-20T18:39:20.008Z] GET https://cdn.rudderlabs.com/v3/modern/rsa.min.js → 200 (171ms, 113234B)
[2026-03-20T18:39:20.008Z] GET https://goto.simplywall.st/A6449138-c4ea-4d72-8390-480d651e69631.js → 200 (58ms, 49778B)
[2026-03-20T18:39:20.029Z] POST https://swssp.simplywall.st/event-transformer/mono → pending (?ms, ?B)
[2026-03-20T18:39:20.030Z] GET https://fonts.gstatic.com/s/ibmplexmono/v20/-F6qfjptAgt5VM-kVkqdyU8n3oQIwlBFgsAXHNk.woff2 → 200 (3ms, 10112B)
[2026-03-20T18:39:20.030Z] GET https://fonts.gstatic.com/s/ibmplexmono/v20/-F63fjptAgt5VM-kVkqdyU8n1i8q131nj-o.woff2 → 200 (4ms, 10052B)
[2026-03-20T18:39:20.031Z] GET https://fonts.gstatic.com/s/ibmplexmono/v20/-F6qfjptAgt5VM-kVkqdyU8n3twJwlBFgsAXHNk.woff2 → 200 (3ms, 10060B)
[2026-03-20T18:39:20.031Z] GET https://fonts.gstatic.com/s/ibmplexmono/v20/-F6qfjptAgt5VM-kVkqdyU8n3vAOwlBFgsAXHNk.woff2 → 200 (4ms, 10120B)
[2026-03-20T18:39:20.031Z] GET https://fonts.gstatic.com/s/ibmplexmono/v20/-F6qfjptAgt5VM-kVkqdyU8n3pQPwlBFgsAXHNk.woff2 → 200 (4ms, 10128B)
[2026-03-20T18:39:20.031Z] GET https://fonts.gstatic.com/s/rubik/v31/iJWKBXyIfDnIV7nBrXyw023e.woff2 → 200 (5ms, 35324B)
[2026-03-20T18:39:20.072Z] GET https://simplywall.st/cdn-cgi/challenge-platform/scripts/jsd/main.js → 302 (83ms, ?B)
[2026-03-20T18:39:20.072Z] GET https://fast.ssqt.io/squatch-js@2 → 200 (508ms, ?B)
[2026-03-20T18:39:20.156Z] GET https://simplywall.st/cdn-cgi/challenge-platform/h/g/scripts/jsd/ea2d291c0fdc/main.js? → 200 (125ms, 26624B)
[2026-03-20T18:39:20.171Z] GET https://simplywall.st/widget/internal/nav-search/1.4/embed.css → 200 (109ms, 132955B)
[2026-03-20T18:39:20.183Z] GET https://simplywall.st/api/user → 403 (392ms, ?B)
[2026-03-20T18:39:20.563Z] POST https://simplywall.st/cdn-cgi/challenge-platform/h/g/jsd/oneshot/ea2d291c0fdc/0.14846910460714347:1774028349:1GEr-txSrZxukPzX5-DTD6vmvc4Ad5ac6HvdlLRtZ2w/9df6b0efdf60bc88 → pending (?ms, ?B)
[2026-03-20T18:39:20.574Z] GET https://simplywall.st/static/fonts/BureauSans.woff2 → pending (?ms, ?B)
[2026-03-20T18:39:20.580Z] GET https://simplywall.st/challenge?redirect=https%3A%2F%2Fsimplywall.st%2F&counter=0 → 403 (95ms, 5636B)
[2026-03-20T18:39:20.583Z] POST https://goto.simplywall.st/xur/40071 → pending (?ms, ?B)
[2026-03-20T18:39:20.594Z] POST https://analytics.google.com/g/collect?v=2&tid=G-YXRWTP2MC7&gtm=45je63i0v9179889490za200zd9179889490&_p=1774031959947&_gaz=1&gcd=13l3l3l3l1l1&npa=0&dma=0&gdid=dZGVlNj&cid=1488320145.1774030412&ul=en-us&sr=1280x720&uaa=arm&uab=64&uafvl=Not%253AA-Brand%3B99.0.0.0%7CHeadlessChrome%3B145.0.7632.6%7CChromium%3B145.0.7632.6&uamb=0&uam=&uap=macOS&uapv=15.3.0&uaw=0&are=1&frm=0&pscdl=noapi&_eu=AAAAAGQ&_s=1&tag_exp=103116026~103200004~115938466~115938469~116024733~117384406~117484252&sid=1774030411&sct=1&seg=1&dl=https%3A%2F%2Fsimplywall.st%2F&dt=Free%20Portfolio%20Tracker%2C%20Stock%20Insights%20and%20Community%20-%20Simply%20Wall%20St&en=page_view&_ee=1&tfd=827 → pending (?ms, ?B)
[2026-03-20T18:39:20.594Z] GET https://www.google.co.in/ads/ga-audiences?v=1&t=sr&slf_rd=1&_r=4&tid=G-YXRWTP2MC7&cid=1488320145.1774030412&gtm=45je63i0v9179889490za200zd9179889490&aip=1&dma=0&gcd=13l3l3l3l1l1&npa=0&frm=0&tag_exp=103116026~103200004~115938466~115938469~116024733~117384406~117484252&z=1295222686 → pending (?ms, ?B)
[2026-03-20T18:39:20.608Z] GET https://web.cmp.usercentrics.eu/ui/loader.js → 200 (1ms, ?B)
[2026-03-20T18:39:20.609Z] GET https://www.google-analytics.com/analytics.js → 200 (?ms, ?B)
[2026-03-20T18:39:20.609Z] GET https://www.googletagmanager.com/gtag/destination?id=AW-16457705832&cx=c&gtm=4e63i0 → pending (?ms, ?B)
[2026-03-20T18:39:20.609Z] GET https://connect.facebook.net/en_US/fbevents.js → pending (?ms, ?B)
[2026-03-20T18:39:20.609Z] GET https://www.clarity.ms/tag/vg3l2f4hdh → pending (?ms, ?B)
[2026-03-20T18:39:20.611Z] GET https://web.cmp.usercentrics.eu/ui/v/3.107.0/WebSdk.lib.83f9e1a4.js → 200 (3ms, ?B)
[2026-03-20T18:39:20.617Z] GET https://v1.api.service.cmp.usercentrics.eu/latest/ruleSetData?id=odU9tMUHFxYvyp → pending (?ms, ?B)
[2026-03-20T18:39:20.700Z] GET https://simplywall.st/cdn-cgi/challenge-platform/h/g/orchestrate/chl_page/v1?ray=9df6d6ca5a26b117 → 200 (85ms, 166293B)
[2026-03-20T18:39:20.789Z] GET blob:https://simplywall.st/c570873e-ed98-4cb2-961b-0d3a3f560714 → pending (?ms, ?B)
[2026-03-20T18:39:20.792Z] GET https://challenges.cloudflare.com/turnstile/v0/g/ea2d291c0fdc/api.js?onload=MNurp8&render=explicit → 200 (15ms, 51125B)
[2026-03-20T18:39:20.907Z] POST https://simplywall.st/cdn-cgi/challenge-platform/h/g/flow/ov1/1773664256:1774028349:3zh8THjmZmnTcq9ZEuzRHruptsW5A9r1j3hS7NptmaY/9df6d6ca5a26b117/3vpaMIaIz5rHT915dzfnGpQAk4vdwTCRjmiAtS24NJI-1774031960-1.2.1.1-TXHmNHqgPd7CKkyIALGF2jqfT7CVKZtsiN0IOR5lOvZz0Ea2ja9oZCHdgQL06B.G → 200 (34ms, 18304B)
[2026-03-20T18:39:20.939Z] GET blob:https://simplywall.st/03412d6f-45e3-472d-aada-874206ed2e7a → 200 (6ms, 80B)
[2026-03-20T18:39:20.942Z] GET https://challenges.cloudflare.com/cdn-cgi/challenge-platform/h/g/turnstile/f/ov2/av0/rch/mu381/0x4AAAAAAADnPIDROrmt1Wwj/light/fbE/new/normal?lang=auto → 200 (21ms, ?B)
[2026-03-20T18:39:20.990Z] GET https://challenges.cloudflare.com/cdn-cgi/challenge-platform/h/g/cmg/1 → 200 (3ms, 86B)
[2026-03-20T18:39:20.995Z] GET blob:https://challenges.cloudflare.com/9acc9a93-1f85-4984-af9b-75300da439fb → pending (?ms, ?B)
[2026-03-20T18:39:21.114Z] POST https://challenges.cloudflare.com/cdn-cgi/challenge-platform/h/g/flow/ov1/1595074142:1774028349:Bi8r6XJ6wugBw1VNP-s0XVWVsaw1Ttxzdn6ox4aAu4E/9df6d6ccbdf20d2a/Ku0QKhUHJ9Pn1oAUDlN1gb8jp9yniAR8q8.OizFlc2w-1774031961-1.2.1.1-LSIuKDoQjdDVsGwF9fX1fN6BOQElVN3vH7sauL815YRDYu7KxUB7S32NqLeXH3S3 → 200 (57ms, 256704B)
[2026-03-20T18:39:21.237Z] GET blob:https://challenges.cloudflare.com/7da06392-d990-405d-b2ee-7535fc319fcb → 200 (21ms, 80B)
[2026-03-20T18:39:21.274Z] GET https://challenges.cloudflare.com/cdn-cgi/challenge-platform/h/g/d/9df6d6ccbdf20d2a/1774031961247/Ca0ghTiZuB97Dhe → 200 (28ms, 213B)
[2026-03-20T18:39:21.317Z] GET https://challenges.cloudflare.com/cdn-cgi/challenge-platform/h/g/pat/9df6d6ccbdf20d2a/1774031961247/626cc11e5ec4a6315acb08320ee33f9332813530cff1b2bc4744f8bb6812bc42/3OEvssl0GzocoUw → 401 (32ms, 1B)
[2026-03-20T18:39:21.390Z] GET blob:https://challenges.cloudflare.com/7da06392-d990-405d-b2ee-7535fc319fcb → 200 (3ms, 80B)
[2026-03-20T18:39:21.566Z] GET blob:https://challenges.cloudflare.com/7da06392-d990-405d-b2ee-7535fc319fcb → pending (?ms, ?B)
[2026-03-20T18:39:21.566Z] GET blob:https://challenges.cloudflare.com/7da06392-d990-405d-b2ee-7535fc319fcb → 200 (8ms, ?B)
[2026-03-20T18:39:21.566Z] GET blob:https://challenges.cloudflare.com/7da06392-d990-405d-b2ee-7535fc319fcb → 200 (8ms, ?B)
[2026-03-20T18:39:21.566Z] GET blob:https://challenges.cloudflare.com/7da06392-d990-405d-b2ee-7535fc319fcb → 200 (7ms, ?B)
[2026-03-20T18:39:21.566Z] GET blob:https://challenges.cloudflare.com/7da06392-d990-405d-b2ee-7535fc319fcb → 200 (7ms, ?B)
[2026-03-20T18:39:21.566Z] GET blob:https://challenges.cloudflare.com/7da06392-d990-405d-b2ee-7535fc319fcb → 200 (7ms, ?B)
[2026-03-20T18:39:21.566Z] GET blob:https://challenges.cloudflare.com/7da06392-d990-405d-b2ee-7535fc319fcb → 200 (7ms, ?B)
[2026-03-20T18:39:21.566Z] GET blob:https://challenges.cloudflare.com/7da06392-d990-405d-b2ee-7535fc319fcb → 200 (7ms, ?B)
[2026-03-20T18:39:21.706Z] POST https://challenges.cloudflare.com/cdn-cgi/challenge-platform/h/g/flow/ov1/1595074142:1774028349:Bi8r6XJ6wugBw1VNP-s0XVWVsaw1Ttxzdn6ox4aAu4E/9df6d6ccbdf20d2a/Ku0QKhUHJ9Pn1oAUDlN1gb8jp9yniAR8q8.OizFlc2w-1774031961-1.2.1.1-LSIuKDoQjdDVsGwF9fX1fN6BOQElVN3vH7sauL815YRDYu7KxUB7S32NqLeXH3S3 → 200 (36ms, 30960B)
[2026-03-20T18:39:21.746Z] GET blob:https://challenges.cloudflare.com/9e8375d3-03bd-485a-8ded-7441347cc8b0 → 200 (3ms, 80B)
[2026-03-20T18:39:28.242Z] GET https://linear.app/ → pending (?ms, ?B)
[2026-03-20T18:39:29.869Z] GET https://static.linear.app/fonts/InterVariable.woff2?v=4.1 → pending (?ms, ?B)
[2026-03-20T18:39:29.869Z] GET https://webassets.linear.app/images/ornj730p/production/f79251b06e9edeeacbf2875384defe629e000b3c-352x352.png?w=72&q=95&auto=format&dpr=2 → pending (?ms, ?B)
[2026-03-20T18:39:29.869Z] GET https://static.linear.app/web/_next/static/css/ce666132af768cad.css → pending (?ms, ?B)
[2026-03-20T18:39:29.869Z] GET https://static.linear.app/web/_next/static/css/cbcf0eb42afd0729.css → pending (?ms, ?B)
[2026-03-20T18:39:29.869Z] GET https://static.linear.app/web/_next/static/css/bed87cfdc6a75881.css → pending (?ms, ?B)
[2026-03-20T18:39:29.869Z] GET https://static.linear.app/web/_next/static/css/b2fc9da35a35f4ca.css → pending (?ms, ?B)
[2026-03-20T18:39:29.869Z] GET https://static.linear.app/web/_next/static/css/d469557132fa4e6f.css → pending (?ms, ?B)
[2026-03-20T18:39:29.869Z] GET https://static.linear.app/web/_next/static/css/6978faeff3a144c9.css → pending (?ms, ?B)
[2026-03-20T18:39:29.869Z] GET https://static.linear.app/web/_next/static/css/f491d845abe9e3e3.css → pending (?ms, ?B)
[2026-03-20T18:39:29.869Z] GET https://static.linear.app/web/_next/static/css/f38fddccac5f8320.css → pending (?ms, ?B)
[2026-03-20T18:39:29.869Z] GET https://static.linear.app/web/_next/static/css/40124ea76b8b30ee.css → pending (?ms, ?B)
[2026-03-20T18:39:29.869Z] GET https://static.linear.app/web/_next/static/css/c1340137af3f54b6.css → pending (?ms, ?B)
[2026-03-20T18:39:29.869Z] GET https://static.linear.app/web/_next/static/css/d2cf7a4fbbe04442.css → pending (?ms, ?B)
[2026-03-20T18:39:29.869Z] GET https://static.linear.app/web/_next/static/css/531938a0aaad0bf0.css → pending (?ms, ?B)
[2026-03-20T18:39:29.870Z] GET https://static.linear.app/web/_next/static/css/5e1b6ec72e2bebcd.css → pending (?ms, ?B)
[2026-03-20T18:39:29.870Z] GET https://static.linear.app/web/_next/static/css/03670c59e8452996.css → pending (?ms, ?B)
[2026-03-20T18:39:29.870Z] GET https://static.linear.app/web/_next/static/css/91a76f6b1ea1eda6.css → pending (?ms, ?B)
[2026-03-20T18:39:29.870Z] GET https://static.linear.app/web/_next/static/chunks/webpack-62c96cc5bc680c9f.js → pending (?ms, ?B)
[2026-03-20T18:39:29.870Z] GET https://static.linear.app/web/_next/static/chunks/04c167e9-37d92fbfc9e222b1.js → pending (?ms, ?B)
[2026-03-20T18:39:29.870Z] GET https://static.linear.app/web/_next/static/chunks/84921-a81467a9803aedbb.js → pending (?ms, ?B)
[2026-03-20T18:39:29.870Z] GET https://static.linear.app/web/_next/static/chunks/main-app-09847fe04b11dff4.js → pending (?ms, ?B)
[2026-03-20T18:39:29.870Z] GET https://static.linear.app/web/_next/static/chunks/789a407a-72fa30ce237eb096.js → pending (?ms, ?B)
[2026-03-20T18:39:29.870Z] GET https://static.linear.app/web/_next/static/chunks/92ccf8d6-c1e235978aeea4bc.js → pending (?ms, ?B)
[2026-03-20T18:39:29.870Z] GET https://static.linear.app/web/_next/static/chunks/56119-a18a89e04aa76528.js → pending (?ms, ?B)
[2026-03-20T18:39:29.870Z] GET https://static.linear.app/web/_next/static/chunks/18216-45a7a474fea2498e.js → pending (?ms, ?B)
[2026-03-20T18:39:29.870Z] GET https://static.linear.app/web/_next/static/chunks/30488-f19e4c344470ba2e.js → pending (?ms, ?B)
[2026-03-20T18:39:29.870Z] GET https://static.linear.app/web/_next/static/chunks/49775-4baea105474161a0.js → pending (?ms, ?B)
[2026-03-20T18:39:29.870Z] GET https://static.linear.app/web/_next/static/chunks/71446-6b2e1db70500cbee.js → pending (?ms, ?B)
[2026-03-20T18:39:29.871Z] GET https://static.linear.app/web/_next/static/chunks/78501-6a22cb9221370d77.js → pending (?ms, ?B)
[2026-03-20T18:39:29.871Z] GET https://static.linear.app/web/_next/static/chunks/90605-1f31376d75b6cf2e.js → pending (?ms, ?B)
[2026-03-20T18:39:29.871Z] GET https://static.linear.app/web/_next/static/chunks/94204-5ae07967db7af1de.js → pending (?ms, ?B)
[2026-03-20T18:39:29.871Z] GET https://static.linear.app/web/_next/static/chunks/44883-c169c32ac77fc198.js → pending (?ms, ?B)
[2026-03-20T18:39:29.871Z] GET https://static.linear.app/web/_next/static/chunks/8112-4c08702a770591b4.js → pending (?ms, ?B)
[2026-03-20T18:39:29.871Z] GET https://static.linear.app/web/_next/static/chunks/64440-345086650ee56563.js → pending (?ms, ?B)
[2026-03-20T18:39:29.871Z] GET https://static.linear.app/web/_next/static/chunks/19583-b26b78caa2ddc9c9.js → pending (?ms, ?B)
[2026-03-20T18:39:29.871Z] GET https://static.linear.app/web/_next/static/chunks/74392-210038bbb5399d05.js → pending (?ms, ?B)
[2026-03-20T18:39:29.871Z] GET https://static.linear.app/web/_next/static/chunks/74051-8c33534cc8db0181.js → pending (?ms, ?B)
[2026-03-20T18:39:29.871Z] GET https://static.linear.app/web/_next/static/chunks/28176-f5971e85cf88cbfd.js → pending (?ms, ?B)
[2026-03-20T18:39:29.871Z] GET https://static.linear.app/web/_next/static/chunks/4358-c72dc16e4d4f18a1.js → pending (?ms, ?B)
[2026-03-20T18:39:29.872Z] GET https://static.linear.app/web/_next/static/chunks/app/global-error-2dca568412a989dd.js → pending (?ms, ?B)
[2026-03-20T18:39:29.872Z] GET https://static.linear.app/web/_next/static/chunks/47643-774d9a2026df6877.js → pending (?ms, ?B)
[2026-03-20T18:39:29.872Z] GET https://static.linear.app/web/_next/static/chunks/48948-a4641c87a3e02757.js → pending (?ms, ?B)
[2026-03-20T18:39:29.872Z] GET https://static.linear.app/web/_next/static/chunks/76432-6dccb7d1fbd2427d.js → pending (?ms, ?B)
[2026-03-20T18:39:29.873Z] GET https://static.linear.app/web/_next/static/chunks/11361-5e985cf9b414d81e.js → pending (?ms, ?B)
[2026-03-20T18:39:29.873Z] GET https://static.linear.app/web/_next/static/chunks/2108-a5b67fe5402f7246.js → pending (?ms, ?B)
[2026-03-20T18:39:29.873Z] GET https://static.linear.app/web/_next/static/chunks/27901-fc7beb130e0558f9.js → pending (?ms, ?B)
[2026-03-20T18:39:29.873Z] GET https://static.linear.app/web/_next/static/chunks/app/layout-c2938ee27d551e80.js → pending (?ms, ?B)
[2026-03-20T18:39:29.873Z] GET https://static.linear.app/web/_next/static/chunks/69503-4e3a4bc3609d372d.js → pending (?ms, ?B)
[2026-03-20T18:39:29.873Z] GET https://static.linear.app/web/_next/static/chunks/64000-c8600e1ecdc5e445.js → pending (?ms, ?B)
[2026-03-20T18:39:29.873Z] GET https://static.linear.app/web/_next/static/chunks/62150-ed6814ffb5def1dc.js → pending (?ms, ?B)
[2026-03-20T18:39:29.873Z] GET https://static.linear.app/web/_next/static/chunks/58897-ebc923a91d5a604c.js → pending (?ms, ?B)
[2026-03-20T18:39:29.873Z] GET https://static.linear.app/web/_next/static/chunks/48383-fd294fe23a842c87.js → pending (?ms, ?B)
[2026-03-20T18:39:29.873Z] GET https://static.linear.app/web/_next/static/chunks/68033-bf0510971e0fb28b.js → pending (?ms, ?B)
[2026-03-20T18:39:29.873Z] GET https://static.linear.app/web/_next/static/chunks/10100-401077a505c8e556.js → pending (?ms, ?B)
[2026-03-20T18:39:29.873Z] GET https://static.linear.app/web/_next/static/chunks/67564-1fba013040f55d9c.js → pending (?ms, ?B)
[2026-03-20T18:39:29.873Z] GET https://static.linear.app/web/_next/static/chunks/52648-97c099a955141368.js → pending (?ms, ?B)
[2026-03-20T18:39:29.873Z] GET https://static.linear.app/web/_next/static/chunks/50297-39fbf9042f70c3f0.js → pending (?ms, ?B)
[2026-03-20T18:39:29.873Z] GET https://static.linear.app/web/_next/static/chunks/app/(marketing)/page-44b61a13c179ad72.js → pending (?ms, ?B)
[2026-03-20T18:39:29.873Z] GET https://static.linear.app/web/_next/static/chunks/app/error-c126a220e18f1ada.js → pending (?ms, ?B)
[2026-03-20T18:39:29.873Z] GET https://static.linear.app/web/_next/static/chunks/app/not-found-fe675696646839e9.js → pending (?ms, ?B)
[2026-03-20T18:39:29.873Z] GET https://static.linear.app/web/_next/static/css/fc8bf745806a3a89.css → pending (?ms, ?B)
[2026-03-20T18:39:30.128Z] GET https://static.linear.app/static/grain-default.png → pending (?ms, ?B)
[2026-03-20T18:39:30.129Z] GET https://static.linear.app/fonts/Berkeley-Mono-Variable.woff2?v=3.2 → 200 (662ms, 160932B)
[2026-03-20T18:39:30.129Z] GET https://linear.app/cdn-cgi/imagedelivery/fO02fVwohEs9s9UHFwon6A/c7b144b7-4ef0-4991-9bcb-617c6a37d200/f=auto,dpr=2,q=95,fit=scale-down,metadata=none → 200 (252ms, ?B)
[2026-03-20T18:39:30.129Z] GET https://linear.app/cdn-cgi/imagedelivery/fO02fVwohEs9s9UHFwon6A/6600ca96-e49b-4fd9-c03a-7979faddad00/f=auto,dpr=2,q=95,fit=scale-down,metadata=none → 200 (292ms, ?B)
[2026-03-20T18:39:30.129Z] GET https://linear.app/cdn-cgi/imagedelivery/fO02fVwohEs9s9UHFwon6A/c7fa8f5f-d439-4329-6a65-de549b51e300/f=auto,dpr=2,q=95,fit=scale-down,metadata=none → 200 (293ms, ?B)
[2026-03-20T18:39:30.129Z] GET https://linear.app/cdn-cgi/imagedelivery/fO02fVwohEs9s9UHFwon6A/f28b59f4-538c-4517-cfd7-510913015200/f=auto,dpr=2,q=95,fit=scale-down,metadata=none → 200 (252ms, 3868B)
[2026-03-20T18:39:30.129Z] GET https://linear.app/cdn-cgi/imagedelivery/fO02fVwohEs9s9UHFwon6A/13a0909f-186f-4d83-3fd3-d04883ec2d00/f=auto,dpr=2,q=95,fit=scale-down,metadata=none → 200 (251ms, 3132B)
[2026-03-20T18:39:30.129Z] GET https://linear.app/cdn-cgi/imagedelivery/fO02fVwohEs9s9UHFwon6A/086b510a-f5da-414b-bc9d-228afb968600/f=auto,dpr=2,q=95,fit=scale-down,metadata=none → 200 (251ms, 2749B)
[2026-03-20T18:39:30.129Z] GET https://linear.app/cdn-cgi/imagedelivery/fO02fVwohEs9s9UHFwon6A/302b16a5-f9ca-42f2-dbae-3c76f19b2d00/f=auto,dpr=2,q=95,fit=scale-down,metadata=none → 200 (251ms, 3013B)
[2026-03-20T18:39:30.129Z] GET https://linear.app/cdn-cgi/imagedelivery/fO02fVwohEs9s9UHFwon6A/1eb8f8b2-3593-473f-ba8a-acac99aa0300/f=auto,dpr=2,q=95,fit=scale-down,metadata=none → 200 (293ms, 3152B)
[2026-03-20T18:39:30.129Z] GET https://linear.app/cdn-cgi/imagedelivery/fO02fVwohEs9s9UHFwon6A/6550520e-9e50-441d-b9e8-579be321f900/f=auto,dpr=2,q=95,fit=scale-down,metadata=none → 200 (219ms, 2724B)
[2026-03-20T18:39:30.129Z] GET https://linear.app/cdn-cgi/imagedelivery/fO02fVwohEs9s9UHFwon6A/4d3381aa-fb2f-4d3d-1a06-957fc616d400/f=auto,dpr=2,q=95,fit=scale-down,metadata=none → 200 (252ms, 2638B)
[2026-03-20T18:39:30.129Z] GET https://linear.app/cdn-cgi/imagedelivery/fO02fVwohEs9s9UHFwon6A/7ea107e7-c1a0-4c99-756d-5837fd91f200/f=auto,dpr=2,q=95,fit=scale-down,metadata=none → 200 (293ms, 2713B)
[2026-03-20T18:39:30.129Z] GET https://linear.app/cdn-cgi/imagedelivery/fO02fVwohEs9s9UHFwon6A/c8aeedda-7726-4a4f-226a-f573f85d8d00/f=auto,dpr=2,q=95,fit=scale-down,metadata=none → 200 (219ms, 78117B)
[2026-03-20T18:39:30.129Z] GET https://linear.app/cdn-cgi/imagedelivery/fO02fVwohEs9s9UHFwon6A/580cd9c0-2770-4fe4-1ad2-95c76fc6f000/f=auto,dpr=2,q=95,fit=scale-down,metadata=none → 200 (124ms, 8596B)
[2026-03-20T18:39:30.129Z] GET https://linear.app/cdn-cgi/imagedelivery/fO02fVwohEs9s9UHFwon6A/22210a73-581d-42db-d42a-bf2907860300/f=auto,dpr=2,q=95,fit=scale-down,metadata=none → 200 (250ms, 11564B)
[2026-03-20T18:39:30.132Z] GET https://static.linear.app/assets/homepage/pulse-audio.mp3 → 206 (45ms, ?B)
[2026-03-20T18:39:30.421Z] GET https://e.linear.app/array/phc_PaCjzqaetuAlYgXjb0uftDOw8QzOmXfWIbD7nkaYrjr/config.js → pending (?ms, ?B)
[2026-03-20T18:39:30.421Z] POST https://e.linear.app/flags/?v=2&config=true&ip=0&_=1774031970401&ver=1.257.1&compression=base64 → pending (?ms, ?B)
[2026-03-20T18:39:30.421Z] POST https://api.linear.app/report-violation → pending (?ms, ?B)
[2026-03-20T18:39:30.581Z] GET https://constellation.linear.app/api/statuspage → pending (?ms, ?B)
[2026-03-20T18:39:30.602Z] GET https://static.linear.app/web/_next/static/chunks/966bdd56.c5a9118762760eef.js → 200 (343ms, 622749B)
[2026-03-20T18:39:30.603Z] GET https://static.linear.app/web/_next/static/chunks/32615.bb18c6697da72f1b.js → 200 (187ms, 539B)
[2026-03-20T18:39:30.603Z] GET https://static.linear.app/web/_next/static/chunks/4c6ce9c9.c32db586161800ce.js → 200 (272ms, 175985B)
[2026-03-20T18:39:30.633Z] GET https://linear.app/cdn-cgi/imagedelivery/fO02fVwohEs9s9UHFwon6A/5a228df7-2423-4807-6105-cd32ddddde00/f=auto,dpr=2,q=95,fit=scale-down,metadata=none → 200 (228ms, 2532B)
[2026-03-20T18:39:30.633Z] GET https://linear.app/cdn-cgi/imagedelivery/fO02fVwohEs9s9UHFwon6A/c7b144b7-4ef0-4991-9bcb-617c6a37d200/f=auto,dpr=2,q=95,fit=scale-down,metadata=none → pending (?ms, 288621B)
[2026-03-20T18:39:30.633Z] GET https://linear.app/cdn-cgi/imagedelivery/fO02fVwohEs9s9UHFwon6A/6600ca96-e49b-4fd9-c03a-7979faddad00/f=auto,dpr=2,q=95,fit=scale-down,metadata=none → pending (?ms, ?B)
[2026-03-20T18:39:30.633Z] GET https://linear.app/cdn-cgi/imagedelivery/fO02fVwohEs9s9UHFwon6A/c7fa8f5f-d439-4329-6a65-de549b51e300/f=auto,dpr=2,q=95,fit=scale-down,metadata=none → pending (?ms, ?B)
[2026-03-20T18:39:30.633Z] GET https://linear.app/cdn-cgi/imagedelivery/fO02fVwohEs9s9UHFwon6A/f28b59f4-538c-4517-cfd7-510913015200/f=auto,dpr=2,q=95,fit=scale-down,metadata=none → pending (?ms, ?B)
[2026-03-20T18:39:30.634Z] GET https://linear.app/cdn-cgi/imagedelivery/fO02fVwohEs9s9UHFwon6A/13a0909f-186f-4d83-3fd3-d04883ec2d00/f=auto,dpr=2,q=95,fit=scale-down,metadata=none → pending (?ms, ?B)
[2026-03-20T18:39:30.634Z] GET https://linear.app/cdn-cgi/imagedelivery/fO02fVwohEs9s9UHFwon6A/086b510a-f5da-414b-bc9d-228afb968600/f=auto,dpr=2,q=95,fit=scale-down,metadata=none → pending (?ms, ?B)
[2026-03-20T18:39:30.634Z] GET https://linear.app/cdn-cgi/imagedelivery/fO02fVwohEs9s9UHFwon6A/302b16a5-f9ca-42f2-dbae-3c76f19b2d00/f=auto,dpr=2,q=95,fit=scale-down,metadata=none → pending (?ms, ?B)
[2026-03-20T18:39:30.634Z] GET https://linear.app/cdn-cgi/imagedelivery/fO02fVwohEs9s9UHFwon6A/1eb8f8b2-3593-473f-ba8a-acac99aa0300/f=auto,dpr=2,q=95,fit=scale-down,metadata=none → pending (?ms, ?B)
[2026-03-20T18:39:30.634Z] GET https://linear.app/cdn-cgi/imagedelivery/fO02fVwohEs9s9UHFwon6A/6550520e-9e50-441d-b9e8-579be321f900/f=auto,dpr=2,q=95,fit=scale-down,metadata=none → pending (?ms, ?B)
[2026-03-20T18:39:30.634Z] GET https://linear.app/cdn-cgi/imagedelivery/fO02fVwohEs9s9UHFwon6A/4d3381aa-fb2f-4d3d-1a06-957fc616d400/f=auto,dpr=2,q=95,fit=scale-down,metadata=none → pending (?ms, ?B)
[2026-03-20T18:39:30.634Z] GET https://linear.app/cdn-cgi/imagedelivery/fO02fVwohEs9s9UHFwon6A/7ea107e7-c1a0-4c99-756d-5837fd91f200/f=auto,dpr=2,q=95,fit=scale-down,metadata=none → pending (?ms, ?B)
[2026-03-20T18:39:30.634Z] GET https://linear.app/cdn-cgi/imagedelivery/fO02fVwohEs9s9UHFwon6A/c8aeedda-7726-4a4f-226a-f573f85d8d00/f=auto,dpr=2,q=95,fit=scale-down,metadata=none → pending (?ms, ?B)
[2026-03-20T18:39:30.634Z] GET https://linear.app/cdn-cgi/imagedelivery/fO02fVwohEs9s9UHFwon6A/580cd9c0-2770-4fe4-1ad2-95c76fc6f000/f=auto,dpr=2,q=95,fit=scale-down,metadata=none → pending (?ms, ?B)
[2026-03-20T18:39:30.634Z] GET https://linear.app/cdn-cgi/imagedelivery/fO02fVwohEs9s9UHFwon6A/22210a73-581d-42db-d42a-bf2907860300/f=auto,dpr=2,q=95,fit=scale-down,metadata=none → pending (?ms, ?B)
[2026-03-20T18:39:30.646Z] GET https://linear.app/signup?_rsc=1r34m → 200 (332ms, ?B)
[2026-03-20T18:39:30.646Z] GET https://linear.app/login?_rsc=1r34m → 200 (220ms, ?B)
[2026-03-20T18:39:30.647Z] GET https://linear.app/contact?_rsc=1r34m → pending (?ms, ?B)
[2026-03-20T18:39:30.647Z] GET https://linear.app/now?_rsc=1r34m → pending (?ms, ?B)
[2026-03-20T18:39:30.866Z] GET https://linear.app/pricing?_rsc=1r34m → pending (?ms, ?B)
[2026-03-20T18:39:30.978Z] GET https://linear.app/customers?_rsc=1r34m → pending (?ms, ?B)
[2026-03-20T18:39:31.101Z] GET https://linear.app/about?_rsc=1r34m → 200 (314ms, 1498B)
[2026-03-20T18:39:31.101Z] GET https://linear.app/homepage?_rsc=1r34m → 200 (344ms, 2002B)
[2026-03-20T18:39:31.123Z] GET https://e.linear.app/static/surveys.js?v=1.257.1 → pending (?ms, ?B)
[2026-03-20T18:39:31.399Z] GET https://static.linear.app/web/_next/static/css/390ce4b0391ef855.css → 200 (?ms, 2734B)
[2026-03-20T18:39:31.399Z] GET https://static.linear.app/web/_next/static/css/cba40f0fcd473f4a.css → 200 (?ms, 1732B)
[2026-03-20T18:39:31.399Z] GET https://linear.app/diffs?_rsc=1r34m → 200 (269ms, 1664B)
[2026-03-20T18:39:31.415Z] GET https://linear.app/contact?_rsc=1pn8p → 200 (341ms, 2737B)
[2026-03-20T18:39:31.415Z] GET https://linear.app/contact?_rsc=nn07o → 200 (363ms, ?B)
[2026-03-20T18:39:31.419Z] GET https://static.linear.app/web/_next/static/css/da6ef6a8b0c905e1.css → 200 (9ms, 8978B)
[2026-03-20T18:39:31.474Z] GET https://linear.app/contact?_rsc=1ob4e → 200 (328ms, 248B)
[2026-03-20T18:39:31.669Z] GET https://static.linear.app/web/_next/static/css/eeb73910e8ac91dc.css → 200 (40ms, 4854B)
[2026-03-20T18:39:31.669Z] GET https://static.linear.app/web/_next/static/css/75b062213ba2c91b.css → 200 (40ms, 542B)
[2026-03-20T18:39:31.669Z] GET https://static.linear.app/web/_next/static/css/3023ac6e1956bcb0.css → 200 (40ms, 859B)
[2026-03-20T18:39:31.669Z] GET https://linear.app/contact?_rsc=8uxeu → pending (?ms, ?B)
[2026-03-20T18:39:31.757Z] GET https://linear.app/contact?_rsc=1x3lm → pending (?ms, ?B)
[2026-03-20T18:39:31.803Z] GET https://linear.app/now?_rsc=1pn8p → pending (?ms, ?B)
[2026-03-20T18:39:32.004Z] GET https://linear.app/now?_rsc=1p4jg → 200 (316ms, 248B)
[2026-03-20T18:39:32.107Z] GET https://static.linear.app/web/_next/static/chunks/app/(marketing)/contact/page-e8f06264041f87ff.js → 200 (18ms, 3397B)
[2026-03-20T18:39:32.119Z] GET https://linear.app/now?_rsc=epbke → 200 (331ms, 227689B)
[2026-03-20T18:39:32.178Z] GET https://linear.app/pricing?_rsc=1pn8p → 200 (406ms, 2585B)
[2026-03-20T18:39:32.262Z] GET https://linear.app/pricing?_rsc=y9sih → 200 (335ms, 248B)
[2026-03-20T18:39:32.320Z] GET https://linear.app/pricing?_rsc=scf8d → 200 (365ms, 274255B)
[2026-03-20T18:39:32.451Z] GET https://static.linear.app/web/_next/static/chunks/63152-7f8e5c18dc7aec2c.js → 200 (26ms, 14694B)
[2026-03-20T18:39:32.451Z] GET https://static.linear.app/web/_next/static/chunks/app/(marketing)/now/page-d8eb560458df338b.js → 200 (29ms, 51252B)
[2026-03-20T18:39:32.588Z] GET https://linear.app/customers?_rsc=1pn8p → pending (?ms, ?B)
[2026-03-20T18:39:32.597Z] GET https://linear.app/customers?_rsc=mohaj → pending (?ms, ?B)
[2026-03-20T18:39:32.635Z] GET https://linear.app/customers?_rsc=9jhyz → pending (?ms, ?B)
[2026-03-20T18:39:32.686Z] GET https://static.linear.app/web/_next/static/chunks/5538-639b1d1110e457d3.js → 200 (44ms, 28485B)
[2026-03-20T18:39:32.686Z] GET https://static.linear.app/web/_next/static/chunks/92525-b2a9eec398d0a7ac.js → 200 (81ms, 25756B)
[2026-03-20T18:39:32.686Z] GET https://static.linear.app/web/_next/static/chunks/app/(marketing)/pricing/page-d4e58d4527adda31.js → 200 (82ms, 38159B)
[2026-03-20T18:39:32.789Z] GET https://linear.app/about?_rsc=1pn8p → pending (?ms, ?B)
[2026-03-20T18:39:33.184Z] GET https://linear.app/about?_rsc=10cym → 200 (355ms, 248B)
[2026-03-20T18:39:33.184Z] GET https://linear.app/about?_rsc=vsbkl → 200 (361ms, 162384B)
[2026-03-20T18:39:33.206Z] GET https://static.linear.app/web/_next/static/chunks/app/(marketing)/customers/page-dda2fdbc40c540d2.js → 200 (27ms, 30649B)
[2026-03-20T18:39:33.327Z] GET https://linear.app/homepage?_rsc=1pn8p → 200 (354ms, 2440B)
[2026-03-20T18:39:33.540Z] GET https://linear.app/homepage?_rsc=q9mvn → 200 (351ms, 248B)
[2026-03-20T18:39:33.566Z] GET https://static.linear.app/web/_next/static/chunks/app/(marketing)/about/page-0f379213523bc83b.js → 200 (42ms, 36265B)
[2026-03-20T18:39:33.646Z] GET https://linear.app/homepage?_rsc=h4oae → 200 (313ms, ?B)
[2026-03-20T18:39:33.708Z] GET https://linear.app/diffs?_rsc=1pn8p → pending (?ms, ?B)
[2026-03-20T18:39:33.708Z] GET https://linear.app/diffs?_rsc=z30oa → pending (?ms, ?B)
[2026-03-20T18:39:33.891Z] GET https://linear.app/diffs?_rsc=1sny4 → pending (?ms, ?B)
[2026-03-20T18:39:33.960Z] GET https://static.linear.app/web/_next/static/chunks/app/(marketing)/homepage/page-71de5b823d7d47d1.js → 200 (9ms, 731B)
[2026-03-20T18:39:34.244Z] GET https://static.linear.app/web/_next/static/chunks/51138-267da54af856eb4a.js → 200 (15ms, 12085B)
[2026-03-20T18:39:34.244Z] GET https://static.linear.app/web/_next/static/chunks/app/(marketing)/diffs/page-6535c0047ab142ca.js → 200 (19ms, 50772B)
[2026-03-20T18:40:30.586Z] GET https://constellation.linear.app/api/statuspage → 200 (1ms, 143B)
[2026-03-20T18:41:21.784Z] POST https://simplywall.st/cdn-cgi/challenge-platform/h/g/flow/ov1/1773664256:1774028349:3zh8THjmZmnTcq9ZEuzRHruptsW5A9r1j3hS7NptmaY/9df6d6ca5a26b117/3vpaMIaIz5rHT915dzfnGpQAk4vdwTCRjmiAtS24NJI-1774031960-1.2.1.1-TXHmNHqgPd7CKkyIALGF2jqfT7CVKZtsiN0IOR5lOvZz0Ea2ja9oZCHdgQL06B.G → 200 (24ms, 3088B)
[2026-03-20T18:41:23.809Z] GET https://simplywall.st/challenge?redirect=https%3A%2F%2Fsimplywall.st%2F&counter=0 → 403 (14ms, 5636B)
[2026-03-20T18:41:23.832Z] GET https://simplywall.st/cdn-cgi/challenge-platform/h/g/orchestrate/chl_page/v1?ray=9df6d9cc9ee6b117 → 200 (35ms, 160696B)
[2026-03-20T18:41:23.874Z] GET blob:https://simplywall.st/23fa9679-3fea-41ef-a494-b32cbcbb134d → pending (?ms, ?B)
[2026-03-20T18:41:23.881Z] GET https://challenges.cloudflare.com/turnstile/v0/g/ea2d291c0fdc/api.js?onload=MNurp8&render=explicit → 200 (?ms, 51125B)
[2026-03-20T18:41:24.011Z] POST https://simplywall.st/cdn-cgi/challenge-platform/h/g/flow/ov1/1773664256:1774028349:3zh8THjmZmnTcq9ZEuzRHruptsW5A9r1j3hS7NptmaY/9df6d9cc9ee6b117/OJ.m9g.qjEmfVy2Nz72ZIsSy_0maCzOeqXd2_1fHW0Y-1774032083-1.2.1.1-4gv_vJjlYciYIo0NnvQQ6upKxwBETiN8oeoI9TySrAXkInN2kSkjTbVIG3tGe9g. → 200 (39ms, 18232B)
[2026-03-20T18:41:24.045Z] GET blob:https://simplywall.st/011c2f4a-2c41-481e-be17-d61adfedcfc5 → 200 (6ms, 80B)
[2026-03-20T18:41:24.050Z] GET https://challenges.cloudflare.com/cdn-cgi/challenge-platform/h/g/turnstile/f/ov2/av0/rch/8l8to/0x4AAAAAAADnPIDROrmt1Wwj/light/fbE/new/normal?lang=auto → 200 (34ms, ?B)
[2026-03-20T18:41:24.089Z] GET https://challenges.cloudflare.com/cdn-cgi/challenge-platform/h/g/cmg/1 → pending (?ms, ?B)
[2026-03-20T18:41:24.162Z] GET blob:https://challenges.cloudflare.com/1f156835-b516-4730-80db-48f1a762235b → pending (?ms, ?B)
[2026-03-20T18:41:24.287Z] POST https://challenges.cloudflare.com/cdn-cgi/challenge-platform/h/g/flow/ov1/1595074142:1774028349:Bi8r6XJ6wugBw1VNP-s0XVWVsaw1Ttxzdn6ox4aAu4E/9df6d9ce290b3e74/Umj_VJPwVCXeBPVPjXLucTpjZ2wJllzMZ8BIkLasSMk-1774032084-1.2.1.1-CSdIhmzWMEefCDIqDU.sVwvSOkcF0NZksRfPz_FyeJTmxHNps5QI3aqMbFihGMLi → 200 (52ms, 245436B)
[2026-03-20T18:41:24.400Z] GET blob:https://challenges.cloudflare.com/21e25dc0-18f4-4fb5-a9ad-541e194bbb26 → 200 (25ms, 80B)
[2026-03-20T18:41:24.627Z] GET https://challenges.cloudflare.com/cdn-cgi/challenge-platform/h/g/pat/9df6d9ce290b3e74/1774032084422/70ae9764615f53a368a3a1e93d094b92bbe61654f01072b9d9d0a53bf5369c88/ZNUfGBVwr1wzZuj → 401 (13ms, 1B)
[2026-03-20T18:41:24.657Z] GET blob:https://challenges.cloudflare.com/21e25dc0-18f4-4fb5-a9ad-541e194bbb26 → 200 (3ms, 80B)
[2026-03-20T18:41:24.666Z] GET https://challenges.cloudflare.com/cdn-cgi/challenge-platform/h/g/d/9df6d9ce290b3e74/1774032084422/6aPaTf3wqm3OBm_ → 200 (13ms, 187B)
[2026-03-20T18:41:24.812Z] POST https://challenges.cloudflare.com/cdn-cgi/challenge-platform/h/g/flow/ov1/1595074142:1774028349:Bi8r6XJ6wugBw1VNP-s0XVWVsaw1Ttxzdn6ox4aAu4E/9df6d9ce290b3e74/Umj_VJPwVCXeBPVPjXLucTpjZ2wJllzMZ8BIkLasSMk-1774032084-1.2.1.1-CSdIhmzWMEefCDIqDU.sVwvSOkcF0NZksRfPz_FyeJTmxHNps5QI3aqMbFihGMLi → 200 (50ms, 30960B)
[2026-03-20T18:41:24.866Z] GET blob:https://challenges.cloudflare.com/e7aa2cd3-0d54-4836-a201-5676650f9af7 → 200 (4ms, 80B)
[2026-03-20T18:41:30.612Z] GET https://constellation.linear.app/api/statuspage → 200 (9ms, 143B)
[2026-03-20T18:42:30.604Z] GET https://constellation.linear.app/api/statuspage → 200 (2ms, 143B)
[2026-03-20T18:43:24.894Z] POST https://simplywall.st/cdn-cgi/challenge-platform/h/g/flow/ov1/1773664256:1774028349:3zh8THjmZmnTcq9ZEuzRHruptsW5A9r1j3hS7NptmaY/9df6d9cc9ee6b117/OJ.m9g.qjEmfVy2Nz72ZIsSy_0maCzOeqXd2_1fHW0Y-1774032083-1.2.1.1-4gv_vJjlYciYIo0NnvQQ6upKxwBETiN8oeoI9TySrAXkInN2kSkjTbVIG3tGe9g. → 200 (24ms, 3088B)
[2026-03-20T18:43:28.922Z] GET https://simplywall.st/challenge?redirect=https%3A%2F%2Fsimplywall.st%2F&counter=0 → 403 (22ms, 5636B)
[2026-03-20T18:43:28.946Z] GET https://simplywall.st/cdn-cgi/challenge-platform/h/g/orchestrate/chl_page/v1?ray=9df6dcda8cf1b117 → 200 (46ms, 156281B)
[2026-03-20T18:43:29.000Z] GET blob:https://simplywall.st/ed6669ee-4c7a-4f7f-a086-b68a535e7fbf → pending (?ms, ?B)
[2026-03-20T18:43:29.007Z] GET https://challenges.cloudflare.com/turnstile/v0/g/ea2d291c0fdc/api.js?onload=MNurp8&render=explicit → 200 (?ms, 51125B)
[2026-03-20T18:43:29.136Z] POST https://simplywall.st/cdn-cgi/challenge-platform/h/g/flow/ov1/1773664256:1774028349:3zh8THjmZmnTcq9ZEuzRHruptsW5A9r1j3hS7NptmaY/9df6dcda8cf1b117/yQyx.5wbgYNZBJ4fUT5TfqLAp_126JIdlMY5hgxL5Gs-1774032209-1.2.1.1-pCuU2IBTlsGL0isTXPK55x4FxYVaaaINaizg7FTIr410pPvljRujbChm6Ro5wgJS → 200 (47ms, 18224B)
[2026-03-20T18:43:29.179Z] GET blob:https://simplywall.st/88473040-f74b-438f-89a1-37bf00ec0c69 → 200 (6ms, 80B)
[2026-03-20T18:43:29.184Z] GET https://challenges.cloudflare.com/cdn-cgi/challenge-platform/h/g/turnstile/f/ov2/av0/rch/8u9x0/0x4AAAAAAADnPIDROrmt1Wwj/light/fbE/new/normal?lang=auto → pending (?ms, ?B)
[2026-03-20T18:43:29.223Z] GET https://challenges.cloudflare.com/cdn-cgi/challenge-platform/h/g/cmg/1 → 200 (33ms, 86B)
[2026-03-20T18:43:29.262Z] GET blob:https://challenges.cloudflare.com/cddc18a0-2e74-40d8-9bf0-4c2dbe6debe1 → pending (?ms, ?B)
[2026-03-20T18:43:29.392Z] POST https://challenges.cloudflare.com/cdn-cgi/challenge-platform/h/g/flow/ov1/1595074142:1774028349:Bi8r6XJ6wugBw1VNP-s0XVWVsaw1Ttxzdn6ox4aAu4E/9df6dcdc2f0f98f2/yZcm9OnfnlXttW9LUIlh1K0EzUH330ig9n2h7O0a.3k-1774032209-1.2.1.1-5Y2X_5q36w3xtHZoy02z56L6gH07bTkR9ZaaLR4y6IIyLcvickCNj6_o5N3nERLT → 200 (77ms, 245192B)
[2026-03-20T18:43:29.589Z] GET blob:https://challenges.cloudflare.com/8dc72f65-ec41-4687-a762-e82d814e7267 → 200 (5ms, 80B)
[2026-03-20T18:43:29.672Z] GET https://challenges.cloudflare.com/cdn-cgi/challenge-platform/h/g/pat/9df6dcdc2f0f98f2/1774032209525/6523f5f60d95d6f0af384af6792e65a3e86e40103b61fc29d448e04e3b14fe31/T8HAoObY8IHhdLX → 401 (23ms, 1B)
[2026-03-20T18:43:29.696Z] GET https://challenges.cloudflare.com/cdn-cgi/challenge-platform/h/g/d/9df6dcdc2f0f98f2/1774032209525/1r9QWXYAOwLuCme → 200 (23ms, 487B)
[2026-03-20T18:43:29.763Z] GET blob:https://challenges.cloudflare.com/8dc72f65-ec41-4687-a762-e82d814e7267 → 200 (3ms, 80B)
[2026-03-20T18:43:30.063Z] POST https://challenges.cloudflare.com/cdn-cgi/challenge-platform/h/g/flow/ov1/1595074142:1774028349:Bi8r6XJ6wugBw1VNP-s0XVWVsaw1Ttxzdn6ox4aAu4E/9df6dcdc2f0f98f2/yZcm9OnfnlXttW9LUIlh1K0EzUH330ig9n2h7O0a.3k-1774032209-1.2.1.1-5Y2X_5q36w3xtHZoy02z56L6gH07bTkR9ZaaLR4y6IIyLcvickCNj6_o5N3nERLT → 200 (64ms, 30960B)
[2026-03-20T18:43:30.130Z] GET blob:https://challenges.cloudflare.com/e8024802-5f8f-41ce-914f-b61c34a3d61b → 200 (5ms, 80B)
[2026-03-20T18:43:30.605Z] GET https://constellation.linear.app/api/statuspage → 200 (40ms, 143B)
[2026-03-20T18:44:30.680Z] GET https://constellation.linear.app/api/statuspage → 200 (1ms, 143B)
[2026-03-20T18:45:30.162Z] POST https://simplywall.st/cdn-cgi/challenge-platform/h/g/flow/ov1/1773664256:1774028349:3zh8THjmZmnTcq9ZEuzRHruptsW5A9r1j3hS7NptmaY/9df6dcda8cf1b117/yQyx.5wbgYNZBJ4fUT5TfqLAp_126JIdlMY5hgxL5Gs-1774032209-1.2.1.1-pCuU2IBTlsGL0isTXPK55x4FxYVaaaINaizg7FTIr410pPvljRujbChm6Ro5wgJS → 200 (21ms, 3088B)
[2026-03-20T18:45:30.664Z] GET https://constellation.linear.app/api/statuspage → 200 (1ms, 143B)
[2026-03-20T18:45:38.191Z] GET https://simplywall.st/challenge?redirect=https%3A%2F%2Fsimplywall.st%2F&counter=0 → 403 (21ms, 5636B)
[2026-03-20T18:45:38.217Z] GET https://simplywall.st/cdn-cgi/challenge-platform/h/g/orchestrate/chl_page/v1?ray=9df6e00288c5b117 → 200 (41ms, 159128B)
[2026-03-20T18:45:38.270Z] GET blob:https://simplywall.st/e6ac73bd-5c9b-43b1-bbd1-d6ceb81cf5ba → pending (?ms, ?B)
[2026-03-20T18:45:38.275Z] GET https://challenges.cloudflare.com/turnstile/v0/g/ea2d291c0fdc/api.js?onload=MNurp8&render=explicit → 200 (3ms, 51125B)
[2026-03-20T18:45:38.409Z] POST https://simplywall.st/cdn-cgi/challenge-platform/h/g/flow/ov1/1773664256:1774028349:3zh8THjmZmnTcq9ZEuzRHruptsW5A9r1j3hS7NptmaY/9df6e00288c5b117/UGKxAweOStuzUMbVrcML6TfYFA2lC_z5c5BZAO3GQpg-1774032338-1.2.1.1-7qS0qRCWyA8U6n5znRB7pVXpMqzV69LxKhGInhFjc_.4CIS8b9PCm9fu0ik1iel3 → 200 (64ms, 18216B)
[2026-03-20T18:45:38.469Z] GET blob:https://simplywall.st/18054ba7-6fc8-443b-aa91-9abacbd55213 → 200 (6ms, 80B)
[2026-03-20T18:45:38.473Z] GET https://challenges.cloudflare.com/cdn-cgi/challenge-platform/h/g/turnstile/f/ov2/av0/rch/xmldt/0x4AAAAAAADnPIDROrmt1Wwj/light/fbE/new/normal?lang=auto → 200 (33ms, 213321B)
[2026-03-20T18:45:38.516Z] GET https://challenges.cloudflare.com/cdn-cgi/challenge-platform/h/g/cmg/1 → 200 (19ms, 86B)
[2026-03-20T18:45:38.541Z] GET blob:https://challenges.cloudflare.com/335f99e1-97ba-4591-9b98-9a7f61e1913c → pending (?ms, ?B)
[2026-03-20T18:45:38.665Z] POST https://challenges.cloudflare.com/cdn-cgi/challenge-platform/h/g/flow/ov1/1595074142:1774028349:Bi8r6XJ6wugBw1VNP-s0XVWVsaw1Ttxzdn6ox4aAu4E/9df6e0044cc1899f/Jn3wzp3w1sR6lv2SX1ksavBwVd0V.Ic1BMljkIKk2RY-1774032338-1.2.1.1-HHVLEeAZlbrSeTKuFBNWOnWZ56c6xvu9wiqvIpo3gQDnwLIkdzpprp3WImhnKvE. → 200 (65ms, 245208B)
[2026-03-20T18:45:38.770Z] GET blob:https://challenges.cloudflare.com/f26f75f6-9170-453f-a97e-56ace76f5be1 → 200 (25ms, 80B)
[2026-03-20T18:45:38.797Z] GET https://challenges.cloudflare.com/cdn-cgi/challenge-platform/h/g/pat/9df6e0044cc1899f/1774032338801/abd054c2aa4bcf75c7378b9f6abfa8faf3bfcdb5e58fcbaa0f01ac745cff4e7f/5ZVoLUrxgRq-mbR → 401 (8ms, 1B)
[2026-03-20T18:45:38.824Z] GET https://challenges.cloudflare.com/cdn-cgi/challenge-platform/h/g/d/9df6e0044cc1899f/1774032338802/hHwTkOMiAa1N5Xf → 200 (7ms, 160B)
[2026-03-20T18:45:38.993Z] GET blob:https://challenges.cloudflare.com/f26f75f6-9170-453f-a97e-56ace76f5be1 → 200 (5ms, 80B)
[2026-03-20T18:45:39.166Z] POST https://challenges.cloudflare.com/cdn-cgi/challenge-platform/h/g/flow/ov1/1595074142:1774028349:Bi8r6XJ6wugBw1VNP-s0XVWVsaw1Ttxzdn6ox4aAu4E/9df6e0044cc1899f/Jn3wzp3w1sR6lv2SX1ksavBwVd0V.Ic1BMljkIKk2RY-1774032338-1.2.1.1-HHVLEeAZlbrSeTKuFBNWOnWZ56c6xvu9wiqvIpo3gQDnwLIkdzpprp3WImhnKvE. → 200 (46ms, 31000B)
[2026-03-20T18:45:39.215Z] GET blob:https://challenges.cloudflare.com/baf69a31-d21d-4545-8762-b06b0571e675 → 200 (3ms, 80B)
[2026-03-20T18:46:30.672Z] GET https://constellation.linear.app/api/statuspage → 200 (1ms, 143B)
[2026-03-20T18:47:30.682Z] GET https://constellation.linear.app/api/statuspage → 200 (1ms, 143B)
[2026-03-20T18:47:39.262Z] POST https://simplywall.st/cdn-cgi/challenge-platform/h/g/flow/ov1/1773664256:1774028349:3zh8THjmZmnTcq9ZEuzRHruptsW5A9r1j3hS7NptmaY/9df6e00288c5b117/UGKxAweOStuzUMbVrcML6TfYFA2lC_z5c5BZAO3GQpg-1774032338-1.2.1.1-7qS0qRCWyA8U6n5znRB7pVXpMqzV69LxKhGInhFjc_.4CIS8b9PCm9fu0ik1iel3 → 200 (24ms, 3088B)
[2026-03-20T18:47:54.284Z] GET https://simplywall.st/challenge?redirect=https%3A%2F%2Fsimplywall.st%2F&counter=0 → 403 (29ms, 5636B)
[2026-03-20T18:47:54.318Z] GET https://simplywall.st/cdn-cgi/challenge-platform/h/g/orchestrate/chl_page/v1?ray=9df6e3551e87b117 → 200 (53ms, 163086B)
[2026-03-20T18:47:54.380Z] GET blob:https://simplywall.st/85e5c310-cf18-4b94-af6d-a032a17b2e84 → pending (?ms, ?B)
[2026-03-20T18:47:54.386Z] GET https://challenges.cloudflare.com/turnstile/v0/g/ea2d291c0fdc/api.js?onload=MNurp8&render=explicit → 200 (?ms, 51125B)
[2026-03-20T18:47:54.517Z] POST https://simplywall.st/cdn-cgi/challenge-platform/h/g/flow/ov1/1773664256:1774028349:3zh8THjmZmnTcq9ZEuzRHruptsW5A9r1j3hS7NptmaY/9df6e3551e87b117/bxPJ9vFnw_ebQ6YPjxNHIXBJJVWPgOaXOWT0ZzX0azk-1774032474-1.2.1.1-yALb0FpvzZ8OGSVvQMZqIw4_CfQsKlPR16vAGihlSMkI5NtviWEYmu0gEOmiUTvx → 200 (56ms, 18220B)
[2026-03-20T18:47:54.571Z] GET blob:https://simplywall.st/436c2ebd-0960-471d-969f-56e2d09aa78b → 200 (5ms, 80B)
[2026-03-20T18:47:54.575Z] GET https://challenges.cloudflare.com/cdn-cgi/challenge-platform/h/g/turnstile/f/ov2/av0/rch/bcc6d/0x4AAAAAAADnPIDROrmt1Wwj/light/fbE/new/normal?lang=auto → 200 (44ms, 206909B)
[2026-03-20T18:47:54.624Z] GET https://challenges.cloudflare.com/cdn-cgi/challenge-platform/h/g/cmg/1 → 200 (39ms, 86B)
[2026-03-20T18:47:54.674Z] GET blob:https://challenges.cloudflare.com/29bf43b7-8092-47a1-82a4-dc64d43e199b → pending (?ms, ?B)
[2026-03-20T18:47:54.797Z] POST https://challenges.cloudflare.com/cdn-cgi/challenge-platform/h/g/flow/ov1/1595074142:1774028349:Bi8r6XJ6wugBw1VNP-s0XVWVsaw1Ttxzdn6ox4aAu4E/9df6e356fa25635a/bfq0s79pNet48h61krc2wOCRfoBMk0GLRegDzDzCL1o-1774032474-1.2.1.1-rAPYyUC_AReVP2ZICFB1BPxy6NKYaqV55lDCwjrVrwG1xVlXDtyNXpZ8FuWYLj3T → 200 (58ms, 256988B)
[2026-03-20T18:47:54.952Z] GET blob:https://challenges.cloudflare.com/bcad14ae-6bdf-47e8-a7a2-ac6cd1007235 → 200 (4ms, 80B)
[2026-03-20T18:47:55.144Z] GET blob:https://challenges.cloudflare.com/bcad14ae-6bdf-47e8-a7a2-ac6cd1007235 → 200 (3ms, 80B)
[2026-03-20T18:47:55.160Z] GET blob:https://challenges.cloudflare.com/bcad14ae-6bdf-47e8-a7a2-ac6cd1007235 → pending (?ms, ?B)
[2026-03-20T18:47:55.161Z] GET blob:https://challenges.cloudflare.com/bcad14ae-6bdf-47e8-a7a2-ac6cd1007235 → pending (?ms, ?B)
[2026-03-20T18:47:55.161Z] GET blob:https://challenges.cloudflare.com/bcad14ae-6bdf-47e8-a7a2-ac6cd1007235 → pending (?ms, ?B)
[2026-03-20T18:47:55.161Z] GET blob:https://challenges.cloudflare.com/bcad14ae-6bdf-47e8-a7a2-ac6cd1007235 → 200 (11ms, ?B)
[2026-03-20T18:47:55.161Z] GET blob:https://challenges.cloudflare.com/bcad14ae-6bdf-47e8-a7a2-ac6cd1007235 → 200 (11ms, ?B)
[2026-03-20T18:47:55.161Z] GET blob:https://challenges.cloudflare.com/bcad14ae-6bdf-47e8-a7a2-ac6cd1007235 → 200 (11ms, ?B)
[2026-03-20T18:47:55.161Z] GET blob:https://challenges.cloudflare.com/bcad14ae-6bdf-47e8-a7a2-ac6cd1007235 → 200 (11ms, ?B)
[2026-03-20T18:47:55.161Z] GET blob:https://challenges.cloudflare.com/bcad14ae-6bdf-47e8-a7a2-ac6cd1007235 → 200 (11ms, ?B)
[2026-03-20T18:47:55.215Z] GET https://challenges.cloudflare.com/cdn-cgi/challenge-platform/h/g/d/9df6e356fa25635a/1774032474933/xx7Ds9dxdFsupj_ → 200 (15ms, 133B)
[2026-03-20T18:47:55.251Z] GET https://challenges.cloudflare.com/cdn-cgi/challenge-platform/h/g/pat/9df6e356fa25635a/1774032474933/45bc8d5c9ca8465026bb742c448a5c6ae20d6013ef9cc9a53d602032f9b8edf8/3DW0fRp6yYHI8XL → 401 (24ms, 1B)
[2026-03-20T18:47:55.403Z] POST https://challenges.cloudflare.com/cdn-cgi/challenge-platform/h/g/flow/ov1/1595074142:1774028349:Bi8r6XJ6wugBw1VNP-s0XVWVsaw1Ttxzdn6ox4aAu4E/9df6e356fa25635a/bfq0s79pNet48h61krc2wOCRfoBMk0GLRegDzDzCL1o-1774032474-1.2.1.1-rAPYyUC_AReVP2ZICFB1BPxy6NKYaqV55lDCwjrVrwG1xVlXDtyNXpZ8FuWYLj3T → pending (?ms, ?B)
[2026-03-20T18:47:55.463Z] GET blob:https://challenges.cloudflare.com/bd79ffd0-5e49-458c-a56e-3b51be17582a → 200 (4ms, 80B)
[2026-03-20T18:48:30.690Z] GET https://constellation.linear.app/api/statuspage → 200 (59ms, 143B)
[2026-03-20T18:49:30.767Z] GET https://constellation.linear.app/api/statuspage → 200 (1ms, 143B)
[2026-03-20T18:49:55.497Z] POST https://simplywall.st/cdn-cgi/challenge-platform/h/g/flow/ov1/1773664256:1774028349:3zh8THjmZmnTcq9ZEuzRHruptsW5A9r1j3hS7NptmaY/9df6e3551e87b117/bxPJ9vFnw_ebQ6YPjxNHIXBJJVWPgOaXOWT0ZzX0azk-1774032474-1.2.1.1-yALb0FpvzZ8OGSVvQMZqIw4_CfQsKlPR16vAGihlSMkI5NtviWEYmu0gEOmiUTvx → 200 (27ms, 3088B)
[2026-03-20T18:50:10.529Z] GET https://simplywall.st/challenge?redirect=https%3A%2F%2Fsimplywall.st%2F&counter=0 → pending (?ms, ?B)
[2026-03-20T18:50:10.578Z] GET https://simplywall.st/cdn-cgi/challenge-platform/h/g/orchestrate/chl_page/v1?ray=9df6e6a8994db117 → 200 (72ms, 166279B)
[2026-03-20T18:50:10.658Z] GET blob:https://simplywall.st/8c854f07-235d-48e0-8310-ce852f2b96e1 → pending (?ms, ?B)
[2026-03-20T18:50:10.665Z] GET https://challenges.cloudflare.com/turnstile/v0/g/ea2d291c0fdc/api.js?onload=MNurp8&render=explicit → 200 (?ms, 51125B)
[2026-03-20T18:50:10.796Z] POST https://simplywall.st/cdn-cgi/challenge-platform/h/g/flow/ov1/1773664256:1774028349:3zh8THjmZmnTcq9ZEuzRHruptsW5A9r1j3hS7NptmaY/9df6e6a8994db117/cpdiL45arXYKOdWayjoSYWiciiC7FUim1cxdvRfNsa4-1774032610-1.2.1.1-oiavd8lTeNn3s_gVnkOWX.C8mRjs7V_WxvlKxRpekCWv8b6u8JD7EGxzpxBJ07lN → 200 (72ms, 18240B)
[2026-03-20T18:50:10.866Z] GET blob:https://simplywall.st/a1e8dc87-7917-4bd1-8e13-3c7e22022a29 → 200 (7ms, 80B)
[2026-03-20T18:50:10.872Z] GET https://challenges.cloudflare.com/cdn-cgi/challenge-platform/h/g/turnstile/f/ov2/av0/rch/1mc7o/0x4AAAAAAADnPIDROrmt1Wwj/light/fbE/new/normal?lang=auto → 200 (40ms, 211647B)
[2026-03-20T18:50:10.923Z] GET https://challenges.cloudflare.com/cdn-cgi/challenge-platform/h/g/cmg/1 → 200 (78ms, 86B)
[2026-03-20T18:50:11.006Z] GET blob:https://challenges.cloudflare.com/c7f42d56-9e03-4fa3-8c11-d28006047a22 → pending (?ms, ?B)
[2026-03-20T18:50:11.129Z] POST https://challenges.cloudflare.com/cdn-cgi/challenge-platform/h/g/flow/ov1/1595074142:1774028349:Bi8r6XJ6wugBw1VNP-s0XVWVsaw1Ttxzdn6ox4aAu4E/9df6e6aab89a91b6/jBOr7O7M5h.7hsiPfrDgdZYFUJRDkYdsM8E49gaPO9s-1774032611-1.2.1.1-KErb9PmOqeFQZozyEhIrYfSaGT0WKStTlA4sz4_ANE08kLufXzbrZAW_der1qEMS → 200 (75ms, 244976B)
[2026-03-20T18:50:11.274Z] GET blob:https://challenges.cloudflare.com/94687bdb-8da7-40b8-aac2-f609ec4e7977 → 200 (5ms, 80B)
[2026-03-20T18:50:11.317Z] GET blob:https://challenges.cloudflare.com/94687bdb-8da7-40b8-aac2-f609ec4e7977 → 200 (3ms, 80B)
[2026-03-20T18:50:11.489Z] GET https://challenges.cloudflare.com/cdn-cgi/challenge-platform/h/g/pat/9df6e6aab89a91b6/1774032611269/b333410df621d7f4a6df6a6eb34948801a3ace7703fb37f05f5b7ceee8e8e191/C8msKlp9qJdxZJY → 401 (26ms, ?B)
[2026-03-20T18:50:11.575Z] GET https://challenges.cloudflare.com/cdn-cgi/challenge-platform/h/g/d/9df6e6aab89a91b6/1774032611270/Kma_eE7VYjZBcaa → 200 (43ms, 146B)
[2026-03-20T18:50:11.744Z] POST https://challenges.cloudflare.com/cdn-cgi/challenge-platform/h/g/flow/ov1/1595074142:1774028349:Bi8r6XJ6wugBw1VNP-s0XVWVsaw1Ttxzdn6ox4aAu4E/9df6e6aab89a91b6/jBOr7O7M5h.7hsiPfrDgdZYFUJRDkYdsM8E49gaPO9s-1774032611-1.2.1.1-KErb9PmOqeFQZozyEhIrYfSaGT0WKStTlA4sz4_ANE08kLufXzbrZAW_der1qEMS → 200 (64ms, 30956B)
[2026-03-20T18:50:11.811Z] GET blob:https://challenges.cloudflare.com/b301a6c7-29d1-44f2-8d46-ce06dab8aabe → 200 (3ms, 80B)
[2026-03-20T18:50:30.797Z] GET https://constellation.linear.app/api/statuspage → 200 (2ms, 143B)
[2026-03-20T18:51:30.792Z] GET https://constellation.linear.app/api/statuspage → 200 (3ms, 143B)
[2026-03-20T18:52:11.860Z] POST https://simplywall.st/cdn-cgi/challenge-platform/h/g/flow/ov1/1773664256:1774028349:3zh8THjmZmnTcq9ZEuzRHruptsW5A9r1j3hS7NptmaY/9df6e6a8994db117/cpdiL45arXYKOdWayjoSYWiciiC7FUim1cxdvRfNsa4-1774032610-1.2.1.1-oiavd8lTeNn3s_gVnkOWX.C8mRjs7V_WxvlKxRpekCWv8b6u8JD7EGxzpxBJ07lN → 200 (9ms, 3088B)
[2026-03-20T18:52:26.873Z] GET https://simplywall.st/challenge?redirect=https%3A%2F%2Fsimplywall.st%2F&counter=0 → 403 (17ms, 5636B)
[2026-03-20T18:52:26.898Z] GET https://simplywall.st/cdn-cgi/challenge-platform/h/g/orchestrate/chl_page/v1?ray=9df6e9fcbaf2b117 → 200 (72ms, 160966B)
[2026-03-20T18:52:26.978Z] GET blob:https://simplywall.st/e8f2c7ce-cf99-4a84-86cf-508b95fa88bd → pending (?ms, ?B)
[2026-03-20T18:52:26.983Z] GET https://challenges.cloudflare.com/turnstile/v0/g/ea2d291c0fdc/api.js?onload=MNurp8&render=explicit → 200 (1ms, 51125B)
[2026-03-20T18:52:27.117Z] POST https://simplywall.st/cdn-cgi/challenge-platform/h/g/flow/ov1/157992050:1774032204:V3MR1Bi3qRt3VWmBbCIA5Vrczr6voBGWXzJrtIucwCA/9df6e9fcbaf2b117/.GXaOKl.46fTN9aEgde6a_Za82yD1I4sDTD8i98.q8Y-1774032747-1.2.1.1-lorReXhIMrASMZs3qnI4gPrpc7pqGKayaf6txVqMO3OUZt5j3rGZW_5dsCHiM8f1 → 200 (36ms, 18224B)
[2026-03-20T18:52:27.150Z] GET blob:https://simplywall.st/de6cb77b-a5ce-425b-b422-93331968b897 → 200 (7ms, 80B)
[2026-03-20T18:52:27.154Z] GET https://challenges.cloudflare.com/cdn-cgi/challenge-platform/h/g/turnstile/f/ov2/av0/rch/g3xrq/0x4AAAAAAADnPIDROrmt1Wwj/light/fbE/new/normal?lang=auto → 200 (20ms, 214410B)
[2026-03-20T18:52:27.197Z] GET https://challenges.cloudflare.com/cdn-cgi/challenge-platform/h/g/cmg/1 → 200 (11ms, 86B)
[2026-03-20T18:52:27.208Z] GET blob:https://challenges.cloudflare.com/43bff7aa-54dd-484e-b04f-e1d68522f0aa → pending (?ms, ?B)
[2026-03-20T18:52:27.330Z] POST https://challenges.cloudflare.com/cdn-cgi/challenge-platform/h/g/flow/ov1/1595074142:1774028349:Bi8r6XJ6wugBw1VNP-s0XVWVsaw1Ttxzdn6ox4aAu4E/9df6e9fe8e80bf12/oVn8zqepzn1tHnx1wyekhDzy7yfbk1c_lXKwbD5_Pe8-1774032747-1.2.1.1-eae6jiNWxzWI8mTHpWo_oopHfHPKJ1idV52C_KbZTfDG68IkWjV58_4cOKCrAABJ → 200 (55ms, 256872B)
[2026-03-20T18:52:27.440Z] GET blob:https://challenges.cloudflare.com/f3fe89d7-d7ff-4095-a716-db0c7cf7f74b → 200 (26ms, 80B)
[2026-03-20T18:52:27.523Z] GET blob:https://challenges.cloudflare.com/f3fe89d7-d7ff-4095-a716-db0c7cf7f74b → 200 (3ms, 80B)
[2026-03-20T18:52:27.533Z] GET blob:https://challenges.cloudflare.com/f3fe89d7-d7ff-4095-a716-db0c7cf7f74b → pending (?ms, ?B)
[2026-03-20T18:52:27.533Z] GET blob:https://challenges.cloudflare.com/f3fe89d7-d7ff-4095-a716-db0c7cf7f74b → 200 (7ms, ?B)
[2026-03-20T18:52:27.533Z] GET blob:https://challenges.cloudflare.com/f3fe89d7-d7ff-4095-a716-db0c7cf7f74b → 200 (7ms, ?B)
[2026-03-20T18:52:27.533Z] GET blob:https://challenges.cloudflare.com/f3fe89d7-d7ff-4095-a716-db0c7cf7f74b → 200 (6ms, ?B)
[2026-03-20T18:52:27.533Z] GET blob:https://challenges.cloudflare.com/f3fe89d7-d7ff-4095-a716-db0c7cf7f74b → 200 (6ms, ?B)
[2026-03-20T18:52:27.533Z] GET blob:https://challenges.cloudflare.com/f3fe89d7-d7ff-4095-a716-db0c7cf7f74b → 200 (6ms, ?B)
[2026-03-20T18:52:27.533Z] GET blob:https://challenges.cloudflare.com/f3fe89d7-d7ff-4095-a716-db0c7cf7f74b → 200 (6ms, ?B)
[2026-03-20T18:52:27.533Z] GET blob:https://challenges.cloudflare.com/f3fe89d7-d7ff-4095-a716-db0c7cf7f74b → 200 (6ms, ?B)
[2026-03-20T18:52:27.541Z] GET https://challenges.cloudflare.com/cdn-cgi/challenge-platform/h/g/d/9df6e9fe8e80bf12/1774032747467/PIbGaXbvDn6mt_o → 200 (7ms, 152B)
[2026-03-20T18:52:27.581Z] GET https://challenges.cloudflare.com/cdn-cgi/challenge-platform/h/g/pat/9df6e9fe8e80bf12/1774032747468/dcc9ab60c1936d4266ddf58378c160a553125c8bd2b37df6af907e5447b9d52d/ezQlMjPB2ceJAuk → 401 (7ms, 1B)
[2026-03-20T18:52:27.863Z] POST https://challenges.cloudflare.com/cdn-cgi/challenge-platform/h/g/flow/ov1/1595074142:1774028349:Bi8r6XJ6wugBw1VNP-s0XVWVsaw1Ttxzdn6ox4aAu4E/9df6e9fe8e80bf12/oVn8zqepzn1tHnx1wyekhDzy7yfbk1c_lXKwbD5_Pe8-1774032747-1.2.1.1-eae6jiNWxzWI8mTHpWo_oopHfHPKJ1idV52C_KbZTfDG68IkWjV58_4cOKCrAABJ → 200 (38ms, 30960B)
[2026-03-20T18:52:27.904Z] GET blob:https://challenges.cloudflare.com/a3bf87e7-9606-43fd-bc39-cdc3047ed1c3 → 200 (3ms, 80B)
[2026-03-20T18:52:30.796Z] GET https://constellation.linear.app/api/statuspage → 200 (2ms, 143B)
[2026-03-20T18:53:30.805Z] GET https://constellation.linear.app/api/statuspage → 200 (42ms, 143B)
[2026-03-20T18:54:27.957Z] POST https://simplywall.st/cdn-cgi/challenge-platform/h/g/flow/ov1/157992050:1774032204:V3MR1Bi3qRt3VWmBbCIA5Vrczr6voBGWXzJrtIucwCA/9df6e9fcbaf2b117/.GXaOKl.46fTN9aEgde6a_Za82yD1I4sDTD8i98.q8Y-1774032747-1.2.1.1-lorReXhIMrASMZs3qnI4gPrpc7pqGKayaf6txVqMO3OUZt5j3rGZW_5dsCHiM8f1 → 200 (41ms, 3088B)
[2026-03-20T18:54:30.852Z] GET https://constellation.linear.app/api/statuspage → 200 (1ms, 143B)
[2026-03-20T18:54:43.002Z] GET https://simplywall.st/challenge?redirect=https%3A%2F%2Fsimplywall.st%2F&counter=0 → 403 (46ms, 5636B)
[2026-03-20T18:54:43.055Z] GET https://simplywall.st/cdn-cgi/challenge-platform/h/g/orchestrate/chl_page/v1?ray=9df6ed4f9847b117 → 200 (113ms, 158355B)
[2026-03-20T18:54:43.177Z] GET blob:https://simplywall.st/0d950e1b-305f-4074-b8e4-4c93b0e0763c → pending (?ms, ?B)
[2026-03-20T18:54:43.184Z] GET https://challenges.cloudflare.com/turnstile/v0/g/ea2d291c0fdc/api.js?onload=MNurp8&render=explicit → 200 (?ms, 51125B)
[2026-03-20T18:54:43.315Z] POST https://simplywall.st/cdn-cgi/challenge-platform/h/g/flow/ov1/157992050:1774032204:V3MR1Bi3qRt3VWmBbCIA5Vrczr6voBGWXzJrtIucwCA/9df6ed4f9847b117/_zgurOSx6UTS1M4MLbYnglqgdJ1FMIC33dGZFA9LLSY-1774032883-1.2.1.1-Jv_0nOPrKTVJ2RPGjGNl2m4N7xTWwrTlgrMA37Xz91Fu_GgLf3cr4NC8s10JJQGQ → 200 (155ms, 18236B)
[2026-03-20T18:54:43.465Z] GET blob:https://simplywall.st/7f02ec38-62bb-47c1-8167-95fd57bd584a → 200 (7ms, 80B)
[2026-03-20T18:54:43.470Z] GET https://challenges.cloudflare.com/cdn-cgi/challenge-platform/h/g/turnstile/f/ov2/av0/rch/x420p/0x4AAAAAAADnPIDROrmt1Wwj/light/fbE/new/normal?lang=auto → 200 (82ms, ?B)
[2026-03-20T18:54:43.559Z] GET https://challenges.cloudflare.com/cdn-cgi/challenge-platform/h/g/cmg/1 → pending (?ms, ?B)
[2026-03-20T18:54:44.071Z] GET blob:https://challenges.cloudflare.com/480891b5-1f1d-40a0-84a2-d7bb2a797eab → pending (?ms, ?B)
[2026-03-20T18:54:44.205Z] POST https://challenges.cloudflare.com/cdn-cgi/challenge-platform/h/g/flow/ov1/163834439:1774032204:9TiVvr4CYcd2i1UYXQ8cG_4eDxq3P2kJluqbSIhDhIc/9df6ed52aeb8b7e9/gj6dzq6.Md6JxKZkZIAzVFPi_5QGMhh1A422xsSrOnk-1774032883-1.2.1.1-oWUH04aPzHfQTYknSeudvuUmXJg8qhLg4tHKc1jUlMCsd8RJEDUwTlDpjorz91O. → 200 (103ms, ?B)
[2026-03-20T18:54:47.536Z] GET blob:https://challenges.cloudflare.com/5fb75764-6a6a-4066-b72f-8f25dae87dbf → 200 (26ms, 80B)
[2026-03-20T18:54:47.748Z] GET blob:https://challenges.cloudflare.com/5fb75764-6a6a-4066-b72f-8f25dae87dbf → 200 (4ms, 80B)
[2026-03-20T18:54:47.786Z] GET https://challenges.cloudflare.com/cdn-cgi/challenge-platform/h/g/pat/9df6ed52aeb8b7e9/1774032884341/5385b1166a3c69e9f5710cd11730372937a6254087909fe4f41cfa21d4f068f0/mAglIXDybBuQUdt → pending (?ms, ?B)
[2026-03-20T18:54:47.986Z] GET https://challenges.cloudflare.com/cdn-cgi/challenge-platform/h/g/d/9df6ed52aeb8b7e9/1774032884341/wTO_07uttPDqWqr → 200 (40ms, 236B)
[2026-03-20T18:54:48.171Z] POST https://challenges.cloudflare.com/cdn-cgi/challenge-platform/h/g/flow/ov1/163834439:1774032204:9TiVvr4CYcd2i1UYXQ8cG_4eDxq3P2kJluqbSIhDhIc/9df6ed52aeb8b7e9/gj6dzq6.Md6JxKZkZIAzVFPi_5QGMhh1A422xsSrOnk-1774032883-1.2.1.1-oWUH04aPzHfQTYknSeudvuUmXJg8qhLg4tHKc1jUlMCsd8RJEDUwTlDpjorz91O. → 200 (88ms, 30956B)
[2026-03-20T18:54:48.458Z] GET blob:https://challenges.cloudflare.com/9422db8e-7303-4e9f-b5ca-b4384c36bfa3 → 200 (12ms, 80B)
[2026-03-20T18:55:30.857Z] GET https://constellation.linear.app/api/statuspage → 200 (1ms, 143B)
[2026-03-20T18:56:30.862Z] GET https://constellation.linear.app/api/statuspage → 200 (1ms, 143B)
[2026-03-20T18:56:48.501Z] POST https://simplywall.st/cdn-cgi/challenge-platform/h/g/flow/ov1/157992050:1774032204:V3MR1Bi3qRt3VWmBbCIA5Vrczr6voBGWXzJrtIucwCA/9df6ed4f9847b117/_zgurOSx6UTS1M4MLbYnglqgdJ1FMIC33dGZFA9LLSY-1774032883-1.2.1.1-Jv_0nOPrKTVJ2RPGjGNl2m4N7xTWwrTlgrMA37Xz91Fu_GgLf3cr4NC8s10JJQGQ → 200 (33ms, 3088B)
[2026-03-20T18:57:03.545Z] GET https://simplywall.st/challenge?redirect=https%3A%2F%2Fsimplywall.st%2F&counter=0 → 403 (38ms, 5636B)
[2026-03-20T18:57:03.590Z] GET https://simplywall.st/cdn-cgi/challenge-platform/h/g/orchestrate/chl_page/v1?ray=9df6f0bdfe9cb117 → 200 (286ms, 163086B)
[2026-03-20T18:57:03.887Z] GET blob:https://simplywall.st/c89c164f-76e5-45fd-a579-9ecb17499746 → pending (?ms, ?B)
[2026-03-20T18:57:03.895Z] GET https://challenges.cloudflare.com/turnstile/v0/g/ea2d291c0fdc/api.js?onload=MNurp8&render=explicit → 200 (?ms, 51125B)
[2026-03-20T18:57:04.030Z] POST https://simplywall.st/cdn-cgi/challenge-platform/h/g/flow/ov1/1773664256:1774028349:3zh8THjmZmnTcq9ZEuzRHruptsW5A9r1j3hS7NptmaY/9df6f0bdfe9cb117/mFyv2lD3Rtv7LHV7JzOYianQqb4Osk4wvUxLOZcJEz4-1774033023-1.2.1.1-qBPoXfRmtc1yYImF5eI.pw_hjbrxx3rAySebvNBaLzNVuKSAbNk2QrISJ7GDrFuY → 200 (97ms, 18232B)
[2026-03-20T18:57:04.122Z] GET blob:https://simplywall.st/d6f8f9e9-6bd6-4fcb-9097-3db9b58a93e6 → 200 (7ms, 80B)
[2026-03-20T18:57:04.128Z] GET https://challenges.cloudflare.com/cdn-cgi/challenge-platform/h/g/turnstile/f/ov2/av0/rch/sdwnu/0x4AAAAAAADnPIDROrmt1Wwj/light/fbE/new/normal?lang=auto → 200 (94ms, 207780B)
[2026-03-20T18:57:04.230Z] GET https://challenges.cloudflare.com/cdn-cgi/challenge-platform/h/g/cmg/1 → 200 (298ms, 86B)
[2026-03-20T18:57:04.540Z] GET blob:https://challenges.cloudflare.com/f46de250-0a6a-455b-b9b9-287a7fc95ea6 → pending (?ms, ?B)
[2026-03-20T18:57:04.675Z] POST https://challenges.cloudflare.com/cdn-cgi/challenge-platform/h/g/flow/ov1/163834439:1774032204:9TiVvr4CYcd2i1UYXQ8cG_4eDxq3P2kJluqbSIhDhIc/9df6f0c1db9a74de/d167woWD5vQSOv1RZUs0N0bsvL8X0EvI7vkqx5XhMJ4-1774033024-1.2.1.1-bTv7d9RWDVpHpuBQ.EGax0NNcisc87b_oL1iAQXe8Q624wdUyn8jF4K1Po5eSrsJ → 200 (80ms, ?B)
[2026-03-20T18:57:05.568Z] GET blob:https://challenges.cloudflare.com/f938f5a6-0fa8-4006-9678-a2eced1f973b → 200 (27ms, 80B)
[2026-03-20T18:57:05.744Z] GET blob:https://challenges.cloudflare.com/f938f5a6-0fa8-4006-9678-a2eced1f973b → 200 (5ms, 80B)
[2026-03-20T18:57:05.799Z] GET https://challenges.cloudflare.com/cdn-cgi/challenge-platform/h/g/pat/9df6f0c1db9a74de/1774033024811/31772162bcb32542afb4288a01c0a1f0423101934636a500bdb492027dffc481/LjW4_jdLB7f-dgd → 401 (23ms, 1B)
[2026-03-20T18:57:05.861Z] GET blob:https://challenges.cloudflare.com/f938f5a6-0fa8-4006-9678-a2eced1f973b → pending (?ms, ?B)
[2026-03-20T18:57:05.862Z] GET blob:https://challenges.cloudflare.com/f938f5a6-0fa8-4006-9678-a2eced1f973b → pending (?ms, ?B)
[2026-03-20T18:57:05.862Z] GET blob:https://challenges.cloudflare.com/f938f5a6-0fa8-4006-9678-a2eced1f973b → 200 (9ms, ?B)
[2026-03-20T18:57:05.862Z] GET blob:https://challenges.cloudflare.com/f938f5a6-0fa8-4006-9678-a2eced1f973b → 200 (9ms, ?B)
[2026-03-20T18:57:05.862Z] GET blob:https://challenges.cloudflare.com/f938f5a6-0fa8-4006-9678-a2eced1f973b → 200 (9ms, ?B)
[2026-03-20T18:57:05.862Z] GET blob:https://challenges.cloudflare.com/f938f5a6-0fa8-4006-9678-a2eced1f973b → 200 (9ms, ?B)
[2026-03-20T18:57:05.862Z] GET blob:https://challenges.cloudflare.com/f938f5a6-0fa8-4006-9678-a2eced1f973b → 200 (9ms, ?B)
[2026-03-20T18:57:05.862Z] GET blob:https://challenges.cloudflare.com/f938f5a6-0fa8-4006-9678-a2eced1f973b → 200 (8ms, ?B)
[2026-03-20T18:57:05.890Z] GET https://challenges.cloudflare.com/cdn-cgi/challenge-platform/h/g/d/9df6f0c1db9a74de/1774033024811/i5KZGp3IfGexaRE → 200 (20ms, ?B)
[2026-03-20T18:57:06.027Z] POST https://challenges.cloudflare.com/cdn-cgi/challenge-platform/h/g/flow/ov1/163834439:1774032204:9TiVvr4CYcd2i1UYXQ8cG_4eDxq3P2kJluqbSIhDhIc/9df6f0c1db9a74de/d167woWD5vQSOv1RZUs0N0bsvL8X0EvI7vkqx5XhMJ4-1774033024-1.2.1.1-bTv7d9RWDVpHpuBQ.EGax0NNcisc87b_oL1iAQXe8Q624wdUyn8jF4K1Po5eSrsJ → 200 (64ms, 30968B)
[2026-03-20T18:57:06.153Z] GET blob:https://challenges.cloudflare.com/5f9ce702-1922-4f85-b0ec-3ca0046dfad3 → 200 (5ms, 80B)
[2026-03-20T18:57:30.866Z] GET https://constellation.linear.app/api/statuspage → 200 (1ms, 143B)
[2026-03-20T18:58:30.869Z] GET https://constellation.linear.app/api/statuspage → 200 (47ms, 143B)
[2026-03-20T18:59:06.206Z] POST https://simplywall.st/cdn-cgi/challenge-platform/h/g/flow/ov1/1773664256:1774028349:3zh8THjmZmnTcq9ZEuzRHruptsW5A9r1j3hS7NptmaY/9df6f0bdfe9cb117/mFyv2lD3Rtv7LHV7JzOYianQqb4Osk4wvUxLOZcJEz4-1774033023-1.2.1.1-qBPoXfRmtc1yYImF5eI.pw_hjbrxx3rAySebvNBaLzNVuKSAbNk2QrISJ7GDrFuY → 200 (55ms, 3088B)
[2026-03-20T18:59:21.270Z] GET https://simplywall.st/challenge?redirect=https%3A%2F%2Fsimplywall.st%2F&counter=0 → 403 (84ms, 5636B)
[2026-03-20T18:59:21.392Z] GET https://simplywall.st/cdn-cgi/challenge-platform/h/g/orchestrate/chl_page/v1?ray=9df6f41abec2b117 → 200 (129ms, 158457B)
[2026-03-20T18:59:21.530Z] GET blob:https://simplywall.st/30cab177-334c-4e24-8581-364c5672ab78 → pending (?ms, ?B)
[2026-03-20T18:59:21.538Z] GET https://challenges.cloudflare.com/turnstile/v0/g/ea2d291c0fdc/api.js?onload=MNurp8&render=explicit → 200 (?ms, 51125B)
[2026-03-20T18:59:21.671Z] POST https://simplywall.st/cdn-cgi/challenge-platform/h/g/flow/ov1/157992050:1774032204:V3MR1Bi3qRt3VWmBbCIA5Vrczr6voBGWXzJrtIucwCA/9df6f41abec2b117/iX54lYvp_Rx3ZAEYl0mF.29nArkJvMO4BAUVWidcQSs-1774033161-1.2.1.1-q8CV9QAbzq3eknEgb3H1X26JoG8sIyxxZZUjCh0risMxpu82n2rfuGWCVF5.sRku → 200 (84ms, 18236B)
[2026-03-20T18:59:21.751Z] GET blob:https://simplywall.st/d9e267fa-9594-4244-b089-cbc9010b6ded → 200 (6ms, 80B)
[2026-03-20T18:59:21.756Z] GET https://challenges.cloudflare.com/cdn-cgi/challenge-platform/h/g/turnstile/f/ov2/av0/rch/2dmxc/0x4AAAAAAADnPIDROrmt1Wwj/light/fbE/new/normal?lang=auto → 200 (141ms, ?B)
[2026-03-20T18:59:21.906Z] GET https://challenges.cloudflare.com/cdn-cgi/challenge-platform/h/g/cmg/1 → pending (?ms, ?B)
[2026-03-20T18:59:22.361Z] GET blob:https://challenges.cloudflare.com/2b0ff4c0-5224-41c4-a8aa-146aa1c49c5b → pending (?ms, ?B)
[2026-03-20T18:59:22.501Z] POST https://challenges.cloudflare.com/cdn-cgi/challenge-platform/h/g/flow/ov1/1595074142:1774028349:Bi8r6XJ6wugBw1VNP-s0XVWVsaw1Ttxzdn6ox4aAu4E/9df6f41e0e1b5649/8PB9zAFLlLJypNwOeklyT1i8u.oaB6KrPpG5mStkl7s-1774033161-1.2.1.1-tP.UNWtfvCLVpUaJdh4WvO_AoaEbruWfibd3rs52hrit91LdhJ1YBCy1QGgsbb.8 → 200 (83ms, ?B)
[2026-03-20T18:59:23.637Z] GET blob:https://challenges.cloudflare.com/b0538752-ac1b-486d-bb73-f1f031105879 → 200 (26ms, 80B)
[2026-03-20T18:59:23.828Z] GET blob:https://challenges.cloudflare.com/b0538752-ac1b-486d-bb73-f1f031105879 → pending (?ms, ?B)
[2026-03-20T18:59:23.828Z] GET blob:https://challenges.cloudflare.com/b0538752-ac1b-486d-bb73-f1f031105879 → 200 (8ms, ?B)
[2026-03-20T18:59:23.828Z] GET blob:https://challenges.cloudflare.com/b0538752-ac1b-486d-bb73-f1f031105879 → 200 (8ms, ?B)
[2026-03-20T18:59:23.828Z] GET blob:https://challenges.cloudflare.com/b0538752-ac1b-486d-bb73-f1f031105879 → 200 (8ms, ?B)
[2026-03-20T18:59:23.828Z] GET blob:https://challenges.cloudflare.com/b0538752-ac1b-486d-bb73-f1f031105879 → 200 (8ms, ?B)
[2026-03-20T18:59:23.829Z] GET blob:https://challenges.cloudflare.com/b0538752-ac1b-486d-bb73-f1f031105879 → 200 (7ms, ?B)
[2026-03-20T18:59:23.829Z] GET blob:https://challenges.cloudflare.com/b0538752-ac1b-486d-bb73-f1f031105879 → 200 (7ms, ?B)
[2026-03-20T18:59:23.829Z] GET blob:https://challenges.cloudflare.com/b0538752-ac1b-486d-bb73-f1f031105879 → 200 (7ms, ?B)
[2026-03-20T18:59:23.845Z] GET https://challenges.cloudflare.com/cdn-cgi/challenge-platform/h/g/pat/9df6f41e0e1b5649/1774033162638/2be3c46601fd7c5906a03b3b1203b257e86a548332e0c48d56806f5d201f2a5c/IYW6l-9QtOj94bU → 401 (38ms, 1B)
[2026-03-20T18:59:23.900Z] GET blob:https://challenges.cloudflare.com/b0538752-ac1b-486d-bb73-f1f031105879 → 200 (5ms, 80B)
[2026-03-20T18:59:23.939Z] GET https://challenges.cloudflare.com/cdn-cgi/challenge-platform/h/g/d/9df6f41e0e1b5649/1774033162638/jo4fEJyXTkFe5nD → 200 (32ms, 526B)
[2026-03-20T18:59:24.131Z] POST https://challenges.cloudflare.com/cdn-cgi/challenge-platform/h/g/flow/ov1/1595074142:1774028349:Bi8r6XJ6wugBw1VNP-s0XVWVsaw1Ttxzdn6ox4aAu4E/9df6f41e0e1b5649/8PB9zAFLlLJypNwOeklyT1i8u.oaB6KrPpG5mStkl7s-1774033161-1.2.1.1-tP.UNWtfvCLVpUaJdh4WvO_AoaEbruWfibd3rs52hrit91LdhJ1YBCy1QGgsbb.8 → 200 (64ms, 30968B)
[2026-03-20T18:59:24.244Z] GET blob:https://challenges.cloudflare.com/4bd62d19-089d-411e-bdd3-e56a30c22122 → 200 (5ms, 80B)
[2026-03-20T18:59:30.929Z] GET https://constellation.linear.app/api/statuspage → 200 (1ms, 143B)
[2026-03-20T19:00:30.930Z] GET https://constellation.linear.app/api/statuspage → 200 (1ms, 143B)
[2026-03-20T19:01:24.298Z] POST https://simplywall.st/cdn-cgi/challenge-platform/h/g/flow/ov1/157992050:1774032204:V3MR1Bi3qRt3VWmBbCIA5Vrczr6voBGWXzJrtIucwCA/9df6f41abec2b117/iX54lYvp_Rx3ZAEYl0mF.29nArkJvMO4BAUVWidcQSs-1774033161-1.2.1.1-q8CV9QAbzq3eknEgb3H1X26JoG8sIyxxZZUjCh0risMxpu82n2rfuGWCVF5.sRku → 200 (8ms, 3088B)
[2026-03-20T19:01:30.936Z] GET https://constellation.linear.app/api/statuspage → 200 (2ms, 143B)
[2026-03-20T19:01:39.314Z] GET https://simplywall.st/challenge?redirect=https%3A%2F%2Fsimplywall.st%2F&counter=0 → 403 (32ms, 5636B)
[2026-03-20T19:01:39.350Z] GET https://simplywall.st/cdn-cgi/challenge-platform/h/g/orchestrate/chl_page/v1?ray=9df6f7798ecab117 → 200 (138ms, 158738B)
[2026-03-20T19:01:39.498Z] GET blob:https://simplywall.st/d3b54357-c486-4c68-8c3c-84674ad3fdd6 → pending (?ms, ?B)
[2026-03-20T19:01:39.504Z] GET https://challenges.cloudflare.com/turnstile/v0/g/ea2d291c0fdc/api.js?onload=MNurp8&render=explicit → 200 (1ms, 51125B)
[2026-03-20T19:01:39.641Z] POST https://simplywall.st/cdn-cgi/challenge-platform/h/g/flow/ov1/157992050:1774032204:V3MR1Bi3qRt3VWmBbCIA5Vrczr6voBGWXzJrtIucwCA/9df6f7798ecab117/7r4M6nvdssdXD1Y9BIXj8xsEw7SzvpD59Oluwt4DE_s-1774033299-1.2.1.1-4K3iIV_IxnnW3xYtw5LntEsDaU1Y7c3SWVdp3OInaVoBsDxsEWSSX0j3cKIzmz9d → 200 (55ms, 18220B)
[2026-03-20T19:01:39.693Z] GET blob:https://simplywall.st/065e0f93-5e76-4c4b-a892-f12f4cb682d2 → 200 (5ms, 80B)
[2026-03-20T19:01:39.697Z] GET https://challenges.cloudflare.com/cdn-cgi/challenge-platform/h/g/turnstile/f/ov2/av0/rch/1o6hh/0x4AAAAAAADnPIDROrmt1Wwj/light/fbE/new/normal?lang=auto → 200 (45ms, 208284B)
[2026-03-20T19:01:39.749Z] GET https://challenges.cloudflare.com/cdn-cgi/challenge-platform/h/g/cmg/1 → 200 (70ms, 86B)
[2026-03-20T19:01:39.826Z] GET blob:https://challenges.cloudflare.com/90a9eb4b-da9d-4a8a-98af-3850bd75c1eb → pending (?ms, ?B)
[2026-03-20T19:01:39.951Z] POST https://challenges.cloudflare.com/cdn-cgi/challenge-platform/h/g/flow/ov1/163834439:1774032204:9TiVvr4CYcd2i1UYXQ8cG_4eDxq3P2kJluqbSIhDhIc/9df6f77c095f5109/gSNeWgaZ_w1YIPS61XeswlnICWV4s3Fu5xTOUoW4m08-1774033299-1.2.1.1-TQfvTvkJLorZWYp.2MD0nldEbSqtz1pvkDw6olEg81qfCzUkAtSHPEuAQUG7NLHb → 200 (55ms, 268264B)
[2026-03-20T19:01:40.054Z] GET blob:https://challenges.cloudflare.com/c32de2d9-2b1d-479e-af28-0f7274c305f6 → 200 (4ms, 80B)
[2026-03-20T19:01:40.239Z] GET blob:https://challenges.cloudflare.com/c32de2d9-2b1d-479e-af28-0f7274c305f6 → pending (?ms, ?B)
[2026-03-20T19:01:40.239Z] GET blob:https://challenges.cloudflare.com/c32de2d9-2b1d-479e-af28-0f7274c305f6 → pending (?ms, ?B)
[2026-03-20T19:01:40.239Z] GET blob:https://challenges.cloudflare.com/c32de2d9-2b1d-479e-af28-0f7274c305f6 → 200 (7ms, ?B)
[2026-03-20T19:01:40.239Z] GET blob:https://challenges.cloudflare.com/c32de2d9-2b1d-479e-af28-0f7274c305f6 → 200 (6ms, ?B)
[2026-03-20T19:01:40.239Z] GET blob:https://challenges.cloudflare.com/c32de2d9-2b1d-479e-af28-0f7274c305f6 → 200 (6ms, ?B)
[2026-03-20T19:01:40.239Z] GET blob:https://challenges.cloudflare.com/c32de2d9-2b1d-479e-af28-0f7274c305f6 → 200 (4ms, ?B)
[2026-03-20T19:01:40.239Z] GET blob:https://challenges.cloudflare.com/c32de2d9-2b1d-479e-af28-0f7274c305f6 → 200 (4ms, ?B)
[2026-03-20T19:01:40.239Z] GET blob:https://challenges.cloudflare.com/c32de2d9-2b1d-479e-af28-0f7274c305f6 → 200 (4ms, ?B)
[2026-03-20T19:01:40.290Z] GET blob:https://challenges.cloudflare.com/c32de2d9-2b1d-479e-af28-0f7274c305f6 → 200 (3ms, 80B)
[2026-03-20T19:01:40.326Z] GET https://challenges.cloudflare.com/cdn-cgi/challenge-platform/h/g/pat/9df6f77c095f5109/1774033300089/3fae9f92f82ee730382147df7e3698a28bbda7dccd38d015849ab6f2ff2b0595/wW7I48aYpBvU5h5 → 401 (208ms, 1B)
[2026-03-20T19:01:40.563Z] GET https://challenges.cloudflare.com/cdn-cgi/challenge-platform/h/g/d/9df6f77c095f5109/1774033300090/C9PlVzAgdmT1xzw → 200 (6ms, 274B)
[2026-03-20T19:01:40.703Z] POST https://challenges.cloudflare.com/cdn-cgi/challenge-platform/h/g/flow/ov1/163834439:1774032204:9TiVvr4CYcd2i1UYXQ8cG_4eDxq3P2kJluqbSIhDhIc/9df6f77c095f5109/gSNeWgaZ_w1YIPS61XeswlnICWV4s3Fu5xTOUoW4m08-1774033299-1.2.1.1-TQfvTvkJLorZWYp.2MD0nldEbSqtz1pvkDw6olEg81qfCzUkAtSHPEuAQUG7NLHb → 200 (32ms, 30956B)
[2026-03-20T19:01:40.739Z] GET blob:https://challenges.cloudflare.com/ad0c57a6-c55a-456b-b9e6-fbb07e2287b6 → 200 (3ms, 80B)
[2026-03-20T19:02:30.941Z] GET https://constellation.linear.app/api/statuspage → 200 (2ms, 143B)
[2026-03-20T19:03:30.964Z] GET https://constellation.linear.app/api/statuspage → 200 (56ms, 143B)
[2026-03-20T19:03:40.788Z] POST https://simplywall.st/cdn-cgi/challenge-platform/h/g/flow/ov1/157992050:1774032204:V3MR1Bi3qRt3VWmBbCIA5Vrczr6voBGWXzJrtIucwCA/9df6f7798ecab117/7r4M6nvdssdXD1Y9BIXj8xsEw7SzvpD59Oluwt4DE_s-1774033299-1.2.1.1-4K3iIV_IxnnW3xYtw5LntEsDaU1Y7c3SWVdp3OInaVoBsDxsEWSSX0j3cKIzmz9d → 200 (21ms, 3088B)
[2026-03-20T19:03:55.811Z] GET https://simplywall.st/challenge?redirect=https%3A%2F%2Fsimplywall.st%2F&counter=0 → 403 (11ms, 5636B)
[2026-03-20T19:03:55.835Z] GET https://simplywall.st/cdn-cgi/challenge-platform/h/g/orchestrate/chl_page/v1?ray=9df6face8b06b117 → 200 (59ms, 158355B)
[2026-03-20T19:03:55.902Z] GET blob:https://simplywall.st/5f7be06d-c7e8-448c-99d4-89b59129569f → pending (?ms, ?B)
[2026-03-20T19:03:55.909Z] GET https://challenges.cloudflare.com/turnstile/v0/g/ea2d291c0fdc/api.js?onload=MNurp8&render=explicit → 200 (?ms, 51125B)
[2026-03-20T19:03:56.049Z] POST https://simplywall.st/cdn-cgi/challenge-platform/h/g/flow/ov1/157992050:1774032204:V3MR1Bi3qRt3VWmBbCIA5Vrczr6voBGWXzJrtIucwCA/9df6face8b06b117/.FJ3zoRIZivFrFS6m5jDWS0ckUHGnGP5EOzMLTZgfCc-1774033435-1.2.1.1-MNKy7YCmanbA7mcH9qrAYBafQcFvBTUuEihGB11fjWrRjvKdx06tRDAEvdEpJlbn → 200 (43ms, 18220B)
[2026-03-20T19:03:56.089Z] GET blob:https://simplywall.st/af133cdf-9d49-4cd3-a9cf-78ee9f97c715 → 200 (6ms, 80B)
[2026-03-20T19:03:56.093Z] GET https://challenges.cloudflare.com/cdn-cgi/challenge-platform/h/g/turnstile/f/ov2/av0/rch/qzj7a/0x4AAAAAAADnPIDROrmt1Wwj/light/fbE/new/normal?lang=auto → 200 (36ms, 209858B)
[2026-03-20T19:03:56.148Z] GET https://challenges.cloudflare.com/cdn-cgi/challenge-platform/h/g/cmg/1 → 200 (28ms, 86B)
[2026-03-20T19:03:56.181Z] GET blob:https://challenges.cloudflare.com/2d631b0d-d624-4ac5-96ec-6c9fa8c95568 → pending (?ms, ?B)
[2026-03-20T19:03:56.306Z] POST https://challenges.cloudflare.com/cdn-cgi/challenge-platform/h/g/flow/ov1/163834439:1774032204:9TiVvr4CYcd2i1UYXQ8cG_4eDxq3P2kJluqbSIhDhIc/9df6fad049545514/o2iwFMu23ep_ji8PqI_8f0flwbxpkfM0N2AH0.zcyVU-1774033436-1.2.1.1-5dmGAk5xvKb2ITLr4tl9.Z0nGoKbNeHXKA_RPtxTVUhkEwIj2d4pA1jR4IsxkCgE → pending (?ms, ?B)
[2026-03-20T19:03:56.485Z] GET blob:https://challenges.cloudflare.com/0a66be68-e6a0-460e-b90e-98973b7e209a → 200 (3ms, 80B)
[2026-03-20T19:03:56.665Z] GET https://challenges.cloudflare.com/cdn-cgi/challenge-platform/h/g/pat/9df6fad049545514/1774033436431/ede51abd2183557277a8d8e5c0058bdb820d17f20a6a4fa50ad414a9bcc47f8d/4KsqpbtqpMWH972 → 401 (14ms, 1B)
[2026-03-20T19:03:56.708Z] GET blob:https://challenges.cloudflare.com/0a66be68-e6a0-460e-b90e-98973b7e209a → 200 (3ms, 80B)
[2026-03-20T19:03:56.773Z] GET https://challenges.cloudflare.com/cdn-cgi/challenge-platform/h/g/d/9df6fad049545514/1774033436432/mMnzwXGgQMmlSiD → 200 (7ms, 557B)
[2026-03-20T19:03:56.903Z] POST https://challenges.cloudflare.com/cdn-cgi/challenge-platform/h/g/flow/ov1/163834439:1774032204:9TiVvr4CYcd2i1UYXQ8cG_4eDxq3P2kJluqbSIhDhIc/9df6fad049545514/o2iwFMu23ep_ji8PqI_8f0flwbxpkfM0N2AH0.zcyVU-1774033436-1.2.1.1-5dmGAk5xvKb2ITLr4tl9.Z0nGoKbNeHXKA_RPtxTVUhkEwIj2d4pA1jR4IsxkCgE → 200 (63ms, 30960B)
[2026-03-20T19:03:56.969Z] GET blob:https://challenges.cloudflare.com/e3c4a5c7-79d3-4695-a58a-ddbfff2ffc7f → 200 (4ms, 80B)
[2026-03-20T19:04:31.028Z] GET https://constellation.linear.app/api/statuspage → 200 (2ms, 143B)
[2026-03-20T19:05:31.058Z] GET https://constellation.linear.app/api/statuspage → 200 (9ms, 143B)
